[INFO]2022-07-01 11:42:49,066 - Starting DemoApplication using Java 1.8.0_201 on LAPTOP-FAONMKSI with PID 15516 (D:\石河子&交大\demo\target\classes started by LENOVO in D:\石河子&交大\demo)
[INFO]2022-07-01 11:42:49,067 - No active profile set, falling back to 1 default profile: "default"
[INFO]2022-07-01 11:42:49,112 - Devtools property defaults active! Set 'spring.devtools.add-properties' to 'false' to disable
[INFO]2022-07-01 11:42:49,112 - For additional web related logging consider setting the 'logging.level.web' property to 'DEBUG'
[INFO]2022-07-01 11:42:50,294 - Tomcat initialized with port(s): 8080 (http)
[INFO]2022-07-01 11:42:50,301 - Initializing ProtocolHandler ["http-nio-8080"]
[INFO]2022-07-01 11:42:50,302 - Starting service [Tomcat]
[INFO]2022-07-01 11:42:50,302 - Starting Servlet engine: [Apache Tomcat/9.0.64]
[INFO]2022-07-01 11:42:50,385 - Initializing Spring embedded WebApplicationContext
[INFO]2022-07-01 11:42:50,385 - Root WebApplicationContext: initialization completed in 1272 ms
[WARN]2022-07-01 11:42:50,555 - Exception encountered during context initialization - cancelling refresh attempt: org.springframework.beans.factory.BeanCreationException: Error creating bean with name 'categoryController': Injection of resource dependencies failed; nested exception is org.springframework.beans.factory.BeanCreationException: Error creating bean with name 'categoryService': Injection of resource dependencies failed; nested exception is org.springframework.beans.factory.UnsatisfiedDependencyException: Error creating bean with name 'categoryDao' defined in file [D:\石河子&交大\demo\target\classes\com\test\demo\dao\CategoryDao.class]: Unsatisfied dependency expressed through bean property 'sqlSessionFactory'; nested exception is org.springframework.beans.factory.BeanCreationException: Error creating bean with name 'sqlSessionFactory' defined in class path resource [org/mybatis/spring/boot/autoconfigure/MybatisAutoConfiguration.class]: Bean instantiation via factory method failed; nested exception is org.springframework.beans.BeanInstantiationException: Failed to instantiate [org.apache.ibatis.session.SqlSessionFactory]: Factory method 'sqlSessionFactory' threw exception; nested exception is org.springframework.core.NestedIOException: Failed to parse mapping resource: 'file [D:\石河子&交大\demo\target\classes\mapper\CategoryDao.xml]'; nested exception is org.apache.ibatis.builder.BuilderException: Error parsing Mapper XML. The XML location is 'file [D:\石河子&交大\demo\target\classes\mapper\CategoryDao.xml]'. Cause: org.apache.ibatis.builder.BuilderException: Error resolving class. Cause: org.apache.ibatis.type.TypeException: Could not resolve type alias '.entity.Category'.  Cause: java.lang.ClassNotFoundException: Cannot find class: .entity.Category
[INFO]2022-07-01 11:42:50,557 - Stopping service [Tomcat]
[ERROR]2022-07-01 11:42:50,670 - Application run failed
org.springframework.beans.factory.BeanCreationException: Error creating bean with name 'categoryController': Injection of resource dependencies failed; nested exception is org.springframework.beans.factory.BeanCreationException: Error creating bean with name 'categoryService': Injection of resource dependencies failed; nested exception is org.springframework.beans.factory.UnsatisfiedDependencyException: Error creating bean with name 'categoryDao' defined in file [D:\石河子&交大\demo\target\classes\com\test\demo\dao\CategoryDao.class]: Unsatisfied dependency expressed through bean property 'sqlSessionFactory'; nested exception is org.springframework.beans.factory.BeanCreationException: Error creating bean with name 'sqlSessionFactory' defined in class path resource [org/mybatis/spring/boot/autoconfigure/MybatisAutoConfiguration.class]: Bean instantiation via factory method failed; nested exception is org.springframework.beans.BeanInstantiationException: Failed to instantiate [org.apache.ibatis.session.SqlSessionFactory]: Factory method 'sqlSessionFactory' threw exception; nested exception is org.springframework.core.NestedIOException: Failed to parse mapping resource: 'file [D:\石河子&交大\demo\target\classes\mapper\CategoryDao.xml]'; nested exception is org.apache.ibatis.builder.BuilderException: Error parsing Mapper XML. The XML location is 'file [D:\石河子&交大\demo\target\classes\mapper\CategoryDao.xml]'. Cause: org.apache.ibatis.builder.BuilderException: Error resolving class. Cause: org.apache.ibatis.type.TypeException: Could not resolve type alias '.entity.Category'.  Cause: java.lang.ClassNotFoundException: Cannot find class: .entity.Category
	at org.springframework.context.annotation.CommonAnnotationBeanPostProcessor.postProcessProperties(CommonAnnotationBeanPostProcessor.java:332)
	at org.springframework.beans.factory.support.AbstractAutowireCapableBeanFactory.populateBean(AbstractAutowireCapableBeanFactory.java:1431)
	at org.springframework.beans.factory.support.AbstractAutowireCapableBeanFactory.doCreateBean(AbstractAutowireCapableBeanFactory.java:619)
	at org.springframework.beans.factory.support.AbstractAutowireCapableBeanFactory.createBean(AbstractAutowireCapableBeanFactory.java:542)
	at org.springframework.beans.factory.support.AbstractBeanFactory.lambda$doGetBean$0(AbstractBeanFactory.java:335)
	at org.springframework.beans.factory.support.DefaultSingletonBeanRegistry.getSingleton(DefaultSingletonBeanRegistry.java:234)
	at org.springframework.beans.factory.support.AbstractBeanFactory.doGetBean(AbstractBeanFactory.java:333)
	at org.springframework.beans.factory.support.AbstractBeanFactory.getBean(AbstractBeanFactory.java:208)
	at org.springframework.beans.factory.support.DefaultListableBeanFactory.preInstantiateSingletons(DefaultListableBeanFactory.java:955)
	at org.springframework.context.support.AbstractApplicationContext.finishBeanFactoryInitialization(AbstractApplicationContext.java:918)
	at org.springframework.context.support.AbstractApplicationContext.refresh(AbstractApplicationContext.java:583)
	at org.springframework.boot.web.servlet.context.ServletWebServerApplicationContext.refresh(ServletWebServerApplicationContext.java:145)
	at org.springframework.boot.SpringApplication.refresh(SpringApplication.java:745)
	at org.springframework.boot.SpringApplication.refreshContext(SpringApplication.java:420)
	at org.springframework.boot.SpringApplication.run(SpringApplication.java:307)
	at org.springframework.boot.SpringApplication.run(SpringApplication.java:1317)
	at org.springframework.boot.SpringApplication.run(SpringApplication.java:1306)
	at com.test.demo.DemoApplication.main(DemoApplication.java:12)
	at sun.reflect.NativeMethodAccessorImpl.invoke0(Native Method)
	at sun.reflect.NativeMethodAccessorImpl.invoke(NativeMethodAccessorImpl.java:62)
	at sun.reflect.DelegatingMethodAccessorImpl.invoke(DelegatingMethodAccessorImpl.java:43)
	at java.lang.reflect.Method.invoke(Method.java:498)
	at org.springframework.boot.devtools.restart.RestartLauncher.run(RestartLauncher.java:49)
Caused by: org.springframework.beans.factory.BeanCreationException: Error creating bean with name 'categoryService': Injection of resource dependencies failed; nested exception is org.springframework.beans.factory.UnsatisfiedDependencyException: Error creating bean with name 'categoryDao' defined in file [D:\石河子&交大\demo\target\classes\com\test\demo\dao\CategoryDao.class]: Unsatisfied dependency expressed through bean property 'sqlSessionFactory'; nested exception is org.springframework.beans.factory.BeanCreationException: Error creating bean with name 'sqlSessionFactory' defined in class path resource [org/mybatis/spring/boot/autoconfigure/MybatisAutoConfiguration.class]: Bean instantiation via factory method failed; nested exception is org.springframework.beans.BeanInstantiationException: Failed to instantiate [org.apache.ibatis.session.SqlSessionFactory]: Factory method 'sqlSessionFactory' threw exception; nested exception is org.springframework.core.NestedIOException: Failed to parse mapping resource: 'file [D:\石河子&交大\demo\target\classes\mapper\CategoryDao.xml]'; nested exception is org.apache.ibatis.builder.BuilderException: Error parsing Mapper XML. The XML location is 'file [D:\石河子&交大\demo\target\classes\mapper\CategoryDao.xml]'. Cause: org.apache.ibatis.builder.BuilderException: Error resolving class. Cause: org.apache.ibatis.type.TypeException: Could not resolve type alias '.entity.Category'.  Cause: java.lang.ClassNotFoundException: Cannot find class: .entity.Category
	at org.springframework.context.annotation.CommonAnnotationBeanPostProcessor.postProcessProperties(CommonAnnotationBeanPostProcessor.java:332)
	at org.springframework.beans.factory.support.AbstractAutowireCapableBeanFactory.populateBean(AbstractAutowireCapableBeanFactory.java:1431)
	at org.springframework.beans.factory.support.AbstractAutowireCapableBeanFactory.doCreateBean(AbstractAutowireCapableBeanFactory.java:619)
	at org.springframework.beans.factory.support.AbstractAutowireCapableBeanFactory.createBean(AbstractAutowireCapableBeanFactory.java:542)
	at org.springframework.beans.factory.support.AbstractBeanFactory.lambda$doGetBean$0(AbstractBeanFactory.java:335)
	at org.springframework.beans.factory.support.DefaultSingletonBeanRegistry.getSingleton(DefaultSingletonBeanRegistry.java:234)
	at org.springframework.beans.factory.support.AbstractBeanFactory.doGetBean(AbstractBeanFactory.java:333)
	at org.springframework.beans.factory.support.AbstractBeanFactory.getBean(AbstractBeanFactory.java:213)
	at org.springframework.beans.factory.support.AbstractAutowireCapableBeanFactory.resolveBeanByName(AbstractAutowireCapableBeanFactory.java:479)
	at org.springframework.context.annotation.CommonAnnotationBeanPostProcessor.autowireResource(CommonAnnotationBeanPostProcessor.java:550)
	at org.springframework.context.annotation.CommonAnnotationBeanPostProcessor.getResource(CommonAnnotationBeanPostProcessor.java:520)
	at org.springframework.context.annotation.CommonAnnotationBeanPostProcessor$ResourceElement.getResourceToInject(CommonAnnotationBeanPostProcessor.java:673)
	at org.springframework.beans.factory.annotation.InjectionMetadata$InjectedElement.inject(InjectionMetadata.java:228)
	at org.springframework.beans.factory.annotation.InjectionMetadata.inject(InjectionMetadata.java:119)
	at org.springframework.context.annotation.CommonAnnotationBeanPostProcessor.postProcessProperties(CommonAnnotationBeanPostProcessor.java:329)
	... 22 common frames omitted
Caused by: org.springframework.beans.factory.UnsatisfiedDependencyException: Error creating bean with name 'categoryDao' defined in file [D:\石河子&交大\demo\target\classes\com\test\demo\dao\CategoryDao.class]: Unsatisfied dependency expressed through bean property 'sqlSessionFactory'; nested exception is org.springframework.beans.factory.BeanCreationException: Error creating bean with name 'sqlSessionFactory' defined in class path resource [org/mybatis/spring/boot/autoconfigure/MybatisAutoConfiguration.class]: Bean instantiation via factory method failed; nested exception is org.springframework.beans.BeanInstantiationException: Failed to instantiate [org.apache.ibatis.session.SqlSessionFactory]: Factory method 'sqlSessionFactory' threw exception; nested exception is org.springframework.core.NestedIOException: Failed to parse mapping resource: 'file [D:\石河子&交大\demo\target\classes\mapper\CategoryDao.xml]'; nested exception is org.apache.ibatis.builder.BuilderException: Error parsing Mapper XML. The XML location is 'file [D:\石河子&交大\demo\target\classes\mapper\CategoryDao.xml]'. Cause: org.apache.ibatis.builder.BuilderException: Error resolving class. Cause: org.apache.ibatis.type.TypeException: Could not resolve type alias '.entity.Category'.  Cause: java.lang.ClassNotFoundException: Cannot find class: .entity.Category
	at org.springframework.beans.factory.support.AbstractAutowireCapableBeanFactory.autowireByType(AbstractAutowireCapableBeanFactory.java:1534)
	at org.springframework.beans.factory.support.AbstractAutowireCapableBeanFactory.populateBean(AbstractAutowireCapableBeanFactory.java:1417)
	at org.springframework.beans.factory.support.AbstractAutowireCapableBeanFactory.doCreateBean(AbstractAutowireCapableBeanFactory.java:619)
	at org.springframework.beans.factory.support.AbstractAutowireCapableBeanFactory.createBean(AbstractAutowireCapableBeanFactory.java:542)
	at org.springframework.beans.factory.support.AbstractBeanFactory.lambda$doGetBean$0(AbstractBeanFactory.java:335)
	at org.springframework.beans.factory.support.DefaultSingletonBeanRegistry.getSingleton(DefaultSingletonBeanRegistry.java:234)
	at org.springframework.beans.factory.support.AbstractBeanFactory.doGetBean(AbstractBeanFactory.java:333)
	at org.springframework.beans.factory.support.AbstractBeanFactory.getBean(AbstractBeanFactory.java:213)
	at org.springframework.beans.factory.support.AbstractAutowireCapableBeanFactory.resolveBeanByName(AbstractAutowireCapableBeanFactory.java:479)
	at org.springframework.context.annotation.CommonAnnotationBeanPostProcessor.autowireResource(CommonAnnotationBeanPostProcessor.java:550)
	at org.springframework.context.annotation.CommonAnnotationBeanPostProcessor.getResource(CommonAnnotationBeanPostProcessor.java:520)
	at org.springframework.context.annotation.CommonAnnotationBeanPostProcessor$ResourceElement.getResourceToInject(CommonAnnotationBeanPostProcessor.java:673)
	at org.springframework.beans.factory.annotation.InjectionMetadata$InjectedElement.inject(InjectionMetadata.java:228)
	at org.springframework.beans.factory.annotation.InjectionMetadata.inject(InjectionMetadata.java:119)
	at org.springframework.context.annotation.CommonAnnotationBeanPostProcessor.postProcessProperties(CommonAnnotationBeanPostProcessor.java:329)
	... 36 common frames omitted
Caused by: org.springframework.beans.factory.BeanCreationException: Error creating bean with name 'sqlSessionFactory' defined in class path resource [org/mybatis/spring/boot/autoconfigure/MybatisAutoConfiguration.class]: Bean instantiation via factory method failed; nested exception is org.springframework.beans.BeanInstantiationException: Failed to instantiate [org.apache.ibatis.session.SqlSessionFactory]: Factory method 'sqlSessionFactory' threw exception; nested exception is org.springframework.core.NestedIOException: Failed to parse mapping resource: 'file [D:\石河子&交大\demo\target\classes\mapper\CategoryDao.xml]'; nested exception is org.apache.ibatis.builder.BuilderException: Error parsing Mapper XML. The XML location is 'file [D:\石河子&交大\demo\target\classes\mapper\CategoryDao.xml]'. Cause: org.apache.ibatis.builder.BuilderException: Error resolving class. Cause: org.apache.ibatis.type.TypeException: Could not resolve type alias '.entity.Category'.  Cause: java.lang.ClassNotFoundException: Cannot find class: .entity.Category
	at org.springframework.beans.factory.support.ConstructorResolver.instantiate(ConstructorResolver.java:658)
	at org.springframework.beans.factory.support.ConstructorResolver.instantiateUsingFactoryMethod(ConstructorResolver.java:638)
	at org.springframework.beans.factory.support.AbstractAutowireCapableBeanFactory.instantiateUsingFactoryMethod(AbstractAutowireCapableBeanFactory.java:1352)
	at org.springframework.beans.factory.support.AbstractAutowireCapableBeanFactory.createBeanInstance(AbstractAutowireCapableBeanFactory.java:1195)
	at org.springframework.beans.factory.support.AbstractAutowireCapableBeanFactory.doCreateBean(AbstractAutowireCapableBeanFactory.java:582)
	at org.springframework.beans.factory.support.AbstractAutowireCapableBeanFactory.createBean(AbstractAutowireCapableBeanFactory.java:542)
	at org.springframework.beans.factory.support.AbstractBeanFactory.lambda$doGetBean$0(AbstractBeanFactory.java:335)
	at org.springframework.beans.factory.support.DefaultSingletonBeanRegistry.getSingleton(DefaultSingletonBeanRegistry.java:234)
	at org.springframework.beans.factory.support.AbstractBeanFactory.doGetBean(AbstractBeanFactory.java:333)
	at org.springframework.beans.factory.support.AbstractBeanFactory.getBean(AbstractBeanFactory.java:208)
	at org.springframework.beans.factory.config.DependencyDescriptor.resolveCandidate(DependencyDescriptor.java:276)
	at org.springframework.beans.factory.support.DefaultListableBeanFactory.doResolveDependency(DefaultListableBeanFactory.java:1391)
	at org.springframework.beans.factory.support.DefaultListableBeanFactory.resolveDependency(DefaultListableBeanFactory.java:1311)
	at org.springframework.beans.factory.support.AbstractAutowireCapableBeanFactory.autowireByType(AbstractAutowireCapableBeanFactory.java:1519)
	... 50 common frames omitted
Caused by: org.springframework.beans.BeanInstantiationException: Failed to instantiate [org.apache.ibatis.session.SqlSessionFactory]: Factory method 'sqlSessionFactory' threw exception; nested exception is org.springframework.core.NestedIOException: Failed to parse mapping resource: 'file [D:\石河子&交大\demo\target\classes\mapper\CategoryDao.xml]'; nested exception is org.apache.ibatis.builder.BuilderException: Error parsing Mapper XML. The XML location is 'file [D:\石河子&交大\demo\target\classes\mapper\CategoryDao.xml]'. Cause: org.apache.ibatis.builder.BuilderException: Error resolving class. Cause: org.apache.ibatis.type.TypeException: Could not resolve type alias '.entity.Category'.  Cause: java.lang.ClassNotFoundException: Cannot find class: .entity.Category
	at org.springframework.beans.factory.support.SimpleInstantiationStrategy.instantiate(SimpleInstantiationStrategy.java:185)
	at org.springframework.beans.factory.support.ConstructorResolver.instantiate(ConstructorResolver.java:653)
	... 63 common frames omitted
Caused by: org.springframework.core.NestedIOException: Failed to parse mapping resource: 'file [D:\石河子&交大\demo\target\classes\mapper\CategoryDao.xml]'; nested exception is org.apache.ibatis.builder.BuilderException: Error parsing Mapper XML. The XML location is 'file [D:\石河子&交大\demo\target\classes\mapper\CategoryDao.xml]'. Cause: org.apache.ibatis.builder.BuilderException: Error resolving class. Cause: org.apache.ibatis.type.TypeException: Could not resolve type alias '.entity.Category'.  Cause: java.lang.ClassNotFoundException: Cannot find class: .entity.Category
	at org.mybatis.spring.SqlSessionFactoryBean.buildSqlSessionFactory(SqlSessionFactoryBean.java:613)
	at org.mybatis.spring.SqlSessionFactoryBean.afterPropertiesSet(SqlSessionFactoryBean.java:491)
	at org.mybatis.spring.SqlSessionFactoryBean.getObject(SqlSessionFactoryBean.java:633)
	at org.mybatis.spring.boot.autoconfigure.MybatisAutoConfiguration.sqlSessionFactory(MybatisAutoConfiguration.java:188)
	at org.mybatis.spring.boot.autoconfigure.MybatisAutoConfiguration$$EnhancerBySpringCGLIB$$e60edcf2.CGLIB$sqlSessionFactory$1(<generated>)
	at org.mybatis.spring.boot.autoconfigure.MybatisAutoConfiguration$$EnhancerBySpringCGLIB$$e60edcf2$$FastClassBySpringCGLIB$$4af942df.invoke(<generated>)
	at org.springframework.cglib.proxy.MethodProxy.invokeSuper(MethodProxy.java:244)
	at org.springframework.context.annotation.ConfigurationClassEnhancer$BeanMethodInterceptor.intercept(ConfigurationClassEnhancer.java:331)
	at org.mybatis.spring.boot.autoconfigure.MybatisAutoConfiguration$$EnhancerBySpringCGLIB$$e60edcf2.sqlSessionFactory(<generated>)
	at sun.reflect.NativeMethodAccessorImpl.invoke0(Native Method)
	at sun.reflect.NativeMethodAccessorImpl.invoke(NativeMethodAccessorImpl.java:62)
	at sun.reflect.DelegatingMethodAccessorImpl.invoke(DelegatingMethodAccessorImpl.java:43)
	at java.lang.reflect.Method.invoke(Method.java:498)
	at org.springframework.beans.factory.support.SimpleInstantiationStrategy.instantiate(SimpleInstantiationStrategy.java:154)
	... 64 common frames omitted
Caused by: org.apache.ibatis.builder.BuilderException: Error parsing Mapper XML. The XML location is 'file [D:\石河子&交大\demo\target\classes\mapper\CategoryDao.xml]'. Cause: org.apache.ibatis.builder.BuilderException: Error resolving class. Cause: org.apache.ibatis.type.TypeException: Could not resolve type alias '.entity.Category'.  Cause: java.lang.ClassNotFoundException: Cannot find class: .entity.Category
	at org.apache.ibatis.builder.xml.XMLMapperBuilder.configurationElement(XMLMapperBuilder.java:123)
	at org.apache.ibatis.builder.xml.XMLMapperBuilder.parse(XMLMapperBuilder.java:95)
	at org.mybatis.spring.SqlSessionFactoryBean.buildSqlSessionFactory(SqlSessionFactoryBean.java:611)
	... 77 common frames omitted
Caused by: org.apache.ibatis.builder.BuilderException: Error resolving class. Cause: org.apache.ibatis.type.TypeException: Could not resolve type alias '.entity.Category'.  Cause: java.lang.ClassNotFoundException: Cannot find class: .entity.Category
	at org.apache.ibatis.builder.BaseBuilder.resolveClass(BaseBuilder.java:118)
	at org.apache.ibatis.builder.xml.XMLMapperBuilder.resultMapElement(XMLMapperBuilder.java:263)
	at org.apache.ibatis.builder.xml.XMLMapperBuilder.resultMapElement(XMLMapperBuilder.java:254)
	at org.apache.ibatis.builder.xml.XMLMapperBuilder.resultMapElements(XMLMapperBuilder.java:246)
	at org.apache.ibatis.builder.xml.XMLMapperBuilder.configurationElement(XMLMapperBuilder.java:119)
	... 79 common frames omitted
Caused by: org.apache.ibatis.type.TypeException: Could not resolve type alias '.entity.Category'.  Cause: java.lang.ClassNotFoundException: Cannot find class: .entity.Category
	at org.apache.ibatis.type.TypeAliasRegistry.resolveAlias(TypeAliasRegistry.java:120)
	at org.apache.ibatis.builder.BaseBuilder.resolveAlias(BaseBuilder.java:149)
	at org.apache.ibatis.builder.BaseBuilder.resolveClass(BaseBuilder.java:116)
	... 83 common frames omitted
Caused by: java.lang.ClassNotFoundException: Cannot find class: .entity.Category
	at org.apache.ibatis.io.ClassLoaderWrapper.classForName(ClassLoaderWrapper.java:196)
	at org.apache.ibatis.io.ClassLoaderWrapper.classForName(ClassLoaderWrapper.java:89)
	at org.apache.ibatis.io.Resources.classForName(Resources.java:261)
	at org.apache.ibatis.type.TypeAliasRegistry.resolveAlias(TypeAliasRegistry.java:116)
	... 85 common frames omitted
[INFO]2022-07-01 11:45:06,125 - Starting DemoApplication using Java 1.8.0_201 on LAPTOP-FAONMKSI with PID 12352 (D:\石河子&交大\demo\target\classes started by LENOVO in D:\石河子&交大\demo)
[INFO]2022-07-01 11:45:06,127 - No active profile set, falling back to 1 default profile: "default"
[INFO]2022-07-01 11:45:06,183 - Devtools property defaults active! Set 'spring.devtools.add-properties' to 'false' to disable
[INFO]2022-07-01 11:45:06,183 - For additional web related logging consider setting the 'logging.level.web' property to 'DEBUG'
[INFO]2022-07-01 11:45:07,132 - Tomcat initialized with port(s): 8080 (http)
[INFO]2022-07-01 11:45:07,141 - Initializing ProtocolHandler ["http-nio-8080"]
[INFO]2022-07-01 11:45:07,141 - Starting service [Tomcat]
[INFO]2022-07-01 11:45:07,142 - Starting Servlet engine: [Apache Tomcat/9.0.64]
[INFO]2022-07-01 11:45:07,223 - Initializing Spring embedded WebApplicationContext
[INFO]2022-07-01 11:45:07,223 - Root WebApplicationContext: initialization completed in 1039 ms
[INFO]2022-07-01 11:45:07,862 - LiveReload server is running on port 35729
[INFO]2022-07-01 11:45:07,878 - Starting ProtocolHandler ["http-nio-8080"]
[INFO]2022-07-01 11:45:07,893 - Tomcat started on port(s): 8080 (http) with context path ''
[INFO]2022-07-01 11:45:07,924 - Started DemoApplication in 2.198 seconds (JVM running for 3.058)
[INFO]2022-07-01 11:45:39,310 - Starting DemoApplication using Java 1.8.0_201 on LAPTOP-FAONMKSI with PID 12352 (D:\石河子&交大\demo\target\classes started by LENOVO in D:\石河子&交大\demo)
[INFO]2022-07-01 11:45:39,311 - No active profile set, falling back to 1 default profile: "default"
[INFO]2022-07-01 11:45:39,523 - Tomcat initialized with port(s): 8080 (http)
[INFO]2022-07-01 11:45:39,524 - Initializing ProtocolHandler ["http-nio-8080"]
[INFO]2022-07-01 11:45:39,524 - Starting service [Tomcat]
[INFO]2022-07-01 11:45:39,524 - Starting Servlet engine: [Apache Tomcat/9.0.64]
[INFO]2022-07-01 11:45:39,554 - Initializing Spring embedded WebApplicationContext
[INFO]2022-07-01 11:45:39,554 - Root WebApplicationContext: initialization completed in 242 ms
[INFO]2022-07-01 11:45:39,808 - LiveReload server is running on port 35729
[INFO]2022-07-01 11:45:39,817 - Starting ProtocolHandler ["http-nio-8080"]
[INFO]2022-07-01 11:45:39,819 - Tomcat started on port(s): 8080 (http) with context path ''
[INFO]2022-07-01 11:45:39,831 - Started DemoApplication in 0.542 seconds (JVM running for 34.965)
[INFO]2022-07-01 11:45:39,833 - Condition evaluation unchanged
[INFO]2022-07-01 11:46:18,261 - Starting DemoApplication using Java 1.8.0_201 on LAPTOP-FAONMKSI with PID 12352 (D:\石河子&交大\demo\target\classes started by LENOVO in D:\石河子&交大\demo)
[INFO]2022-07-01 11:46:18,261 - No active profile set, falling back to 1 default profile: "default"
[INFO]2022-07-01 11:46:18,477 - Tomcat initialized with port(s): 8080 (http)
[INFO]2022-07-01 11:46:18,477 - Initializing ProtocolHandler ["http-nio-8080"]
[INFO]2022-07-01 11:46:18,477 - Starting service [Tomcat]
[INFO]2022-07-01 11:46:18,478 - Starting Servlet engine: [Apache Tomcat/9.0.64]
[INFO]2022-07-01 11:46:18,502 - Initializing Spring embedded WebApplicationContext
[INFO]2022-07-01 11:46:18,502 - Root WebApplicationContext: initialization completed in 239 ms
[INFO]2022-07-01 11:46:18,682 - LiveReload server is running on port 35729
[INFO]2022-07-01 11:46:18,688 - Starting ProtocolHandler ["http-nio-8080"]
[INFO]2022-07-01 11:46:18,690 - Tomcat started on port(s): 8080 (http) with context path ''
[INFO]2022-07-01 11:46:18,701 - Started DemoApplication in 0.465 seconds (JVM running for 73.836)
[INFO]2022-07-01 11:46:18,702 - Condition evaluation unchanged
[INFO]2022-07-01 11:57:35,751 - Starting DemoApplication using Java 1.8.0_201 on LAPTOP-FAONMKSI with PID 19740 (D:\石河子&交大\demo\target\classes started by LENOVO in D:\石河子&交大\demo)
[INFO]2022-07-01 11:57:35,753 - No active profile set, falling back to 1 default profile: "default"
[INFO]2022-07-01 11:57:35,800 - Devtools property defaults active! Set 'spring.devtools.add-properties' to 'false' to disable
[INFO]2022-07-01 11:57:35,800 - For additional web related logging consider setting the 'logging.level.web' property to 'DEBUG'
[INFO]2022-07-01 11:57:37,202 - Tomcat initialized with port(s): 8080 (http)
[INFO]2022-07-01 11:57:37,211 - Initializing ProtocolHandler ["http-nio-8080"]
[INFO]2022-07-01 11:57:37,212 - Starting service [Tomcat]
[INFO]2022-07-01 11:57:37,212 - Starting Servlet engine: [Apache Tomcat/9.0.64]
[INFO]2022-07-01 11:57:37,309 - Initializing Spring embedded WebApplicationContext
[INFO]2022-07-01 11:57:37,310 - Root WebApplicationContext: initialization completed in 1509 ms
[INFO]2022-07-01 11:57:38,185 - LiveReload server is running on port 35729
[INFO]2022-07-01 11:57:38,201 - Starting ProtocolHandler ["http-nio-8080"]
[INFO]2022-07-01 11:57:38,214 - Tomcat started on port(s): 8080 (http) with context path ''
[INFO]2022-07-01 11:57:38,240 - Started DemoApplication in 3.038 seconds (JVM running for 4.179)
[INFO]2022-07-01 11:58:42,006 - Initializing Spring DispatcherServlet 'dispatcherServlet'
[INFO]2022-07-01 11:58:42,006 - Initializing Servlet 'dispatcherServlet'
[INFO]2022-07-01 11:58:42,010 - Completed initialization in 4 ms
[INFO]2022-07-01 12:48:39,135 - Starting DemoApplication using Java 1.8.0_201 on LAPTOP-FAONMKSI with PID 23292 (D:\石河子&交大\demo\target\classes started by LENOVO in D:\石河子&交大\demo)
[INFO]2022-07-01 12:48:39,136 - No active profile set, falling back to 1 default profile: "default"
[INFO]2022-07-01 12:48:39,191 - Devtools property defaults active! Set 'spring.devtools.add-properties' to 'false' to disable
[INFO]2022-07-01 12:48:39,192 - For additional web related logging consider setting the 'logging.level.web' property to 'DEBUG'
[INFO]2022-07-01 12:48:40,154 - Tomcat initialized with port(s): 8080 (http)
[INFO]2022-07-01 12:48:40,161 - Initializing ProtocolHandler ["http-nio-8080"]
[INFO]2022-07-01 12:48:40,161 - Starting service [Tomcat]
[INFO]2022-07-01 12:48:40,161 - Starting Servlet engine: [Apache Tomcat/9.0.64]
[INFO]2022-07-01 12:48:40,246 - Initializing Spring embedded WebApplicationContext
[INFO]2022-07-01 12:48:40,246 - Root WebApplicationContext: initialization completed in 1054 ms
[INFO]2022-07-01 12:48:40,918 - LiveReload server is running on port 35729
[INFO]2022-07-01 12:48:40,931 - Starting ProtocolHandler ["http-nio-8080"]
[INFO]2022-07-01 12:48:40,943 - Tomcat started on port(s): 8080 (http) with context path ''
[INFO]2022-07-01 12:48:40,962 - Started DemoApplication in 2.211 seconds (JVM running for 3.097)
[INFO]2022-07-01 12:49:42,563 - Starting DemoApplication using Java 1.8.0_201 on LAPTOP-FAONMKSI with PID 22968 (D:\石河子&交大\demo\target\classes started by LENOVO in D:\石河子&交大\demo)
[INFO]2022-07-01 12:49:42,564 - No active profile set, falling back to 1 default profile: "default"
[INFO]2022-07-01 12:49:42,621 - Devtools property defaults active! Set 'spring.devtools.add-properties' to 'false' to disable
[INFO]2022-07-01 12:49:42,621 - For additional web related logging consider setting the 'logging.level.web' property to 'DEBUG'
[INFO]2022-07-01 12:49:43,563 - Tomcat initialized with port(s): 8080 (http)
[INFO]2022-07-01 12:49:43,569 - Initializing ProtocolHandler ["http-nio-8080"]
[INFO]2022-07-01 12:49:43,569 - Starting service [Tomcat]
[INFO]2022-07-01 12:49:43,569 - Starting Servlet engine: [Apache Tomcat/9.0.64]
[INFO]2022-07-01 12:49:43,646 - Initializing Spring embedded WebApplicationContext
[INFO]2022-07-01 12:49:43,646 - Root WebApplicationContext: initialization completed in 1024 ms
[INFO]2022-07-01 12:49:44,273 - LiveReload server is running on port 35729
[INFO]2022-07-01 12:49:44,292 - Starting ProtocolHandler ["http-nio-8080"]
[INFO]2022-07-01 12:49:44,308 - Tomcat started on port(s): 8080 (http) with context path ''
[INFO]2022-07-01 12:49:44,337 - Started DemoApplication in 2.212 seconds (JVM running for 3.22)
[INFO]2022-07-01 12:50:22,448 - Initializing Spring DispatcherServlet 'dispatcherServlet'
[INFO]2022-07-01 12:50:22,449 - Initializing Servlet 'dispatcherServlet'
[INFO]2022-07-01 12:50:22,452 - Completed initialization in 3 ms
[INFO]2022-07-01 12:51:07,640 - Starting DemoApplication using Java 1.8.0_201 on LAPTOP-FAONMKSI with PID 22736 (D:\石河子&交大\demo\target\classes started by LENOVO in D:\石河子&交大\demo)
[INFO]2022-07-01 12:51:07,641 - No active profile set, falling back to 1 default profile: "default"
[INFO]2022-07-01 12:51:07,712 - Devtools property defaults active! Set 'spring.devtools.add-properties' to 'false' to disable
[INFO]2022-07-01 12:51:07,713 - For additional web related logging consider setting the 'logging.level.web' property to 'DEBUG'
[INFO]2022-07-01 12:51:09,129 - Tomcat initialized with port(s): 8080 (http)
[INFO]2022-07-01 12:51:09,137 - Initializing ProtocolHandler ["http-nio-8080"]
[INFO]2022-07-01 12:51:09,138 - Starting service [Tomcat]
[INFO]2022-07-01 12:51:09,138 - Starting Servlet engine: [Apache Tomcat/9.0.64]
[INFO]2022-07-01 12:51:09,230 - Initializing Spring embedded WebApplicationContext
[INFO]2022-07-01 12:51:09,230 - Root WebApplicationContext: initialization completed in 1517 ms
[INFO]2022-07-01 12:51:10,066 - LiveReload server is running on port 35729
[INFO]2022-07-01 12:51:10,083 - Starting ProtocolHandler ["http-nio-8080"]
[INFO]2022-07-01 12:51:10,101 - Tomcat started on port(s): 8080 (http) with context path ''
[INFO]2022-07-01 12:51:10,125 - Started DemoApplication in 2.894 seconds (JVM running for 3.779)
[INFO]2022-07-01 12:55:03,587 - Initializing Spring DispatcherServlet 'dispatcherServlet'
[INFO]2022-07-01 12:55:03,588 - Initializing Servlet 'dispatcherServlet'
[INFO]2022-07-01 12:55:03,590 - Completed initialization in 2 ms
[INFO]2022-07-01 12:56:49,608 - Starting DemoApplication using Java 1.8.0_201 on LAPTOP-FAONMKSI with PID 22736 (D:\石河子&交大\demo\target\classes started by LENOVO in D:\石河子&交大\demo)
[INFO]2022-07-01 12:56:49,609 - No active profile set, falling back to 1 default profile: "default"
[INFO]2022-07-01 12:56:49,932 - Tomcat initialized with port(s): 8080 (http)
[INFO]2022-07-01 12:56:49,933 - Initializing ProtocolHandler ["http-nio-8080"]
[INFO]2022-07-01 12:56:49,933 - Starting service [Tomcat]
[INFO]2022-07-01 12:56:49,933 - Starting Servlet engine: [Apache Tomcat/9.0.64]
[INFO]2022-07-01 12:56:49,972 - Initializing Spring embedded WebApplicationContext
[INFO]2022-07-01 12:56:49,972 - Root WebApplicationContext: initialization completed in 361 ms
[INFO]2022-07-01 12:56:50,208 - LiveReload server is running on port 35729
[INFO]2022-07-01 12:56:50,222 - Starting ProtocolHandler ["http-nio-8080"]
[INFO]2022-07-01 12:56:50,224 - Tomcat started on port(s): 8080 (http) with context path ''
[INFO]2022-07-01 12:56:50,232 - Started DemoApplication in 0.653 seconds (JVM running for 343.885)
[INFO]2022-07-01 12:56:50,234 - Condition evaluation unchanged
[INFO]2022-07-01 12:56:52,063 - Starting DemoApplication using Java 1.8.0_201 on LAPTOP-FAONMKSI with PID 22736 (D:\石河子&交大\demo\target\classes started by LENOVO in D:\石河子&交大\demo)
[INFO]2022-07-01 12:56:52,063 - No active profile set, falling back to 1 default profile: "default"
[INFO]2022-07-01 12:56:52,245 - Tomcat initialized with port(s): 8080 (http)
[INFO]2022-07-01 12:56:52,245 - Initializing ProtocolHandler ["http-nio-8080"]
[INFO]2022-07-01 12:56:52,245 - Starting service [Tomcat]
[INFO]2022-07-01 12:56:52,245 - Starting Servlet engine: [Apache Tomcat/9.0.64]
[INFO]2022-07-01 12:56:52,272 - Initializing Spring embedded WebApplicationContext
[INFO]2022-07-01 12:56:52,272 - Root WebApplicationContext: initialization completed in 207 ms
[INFO]2022-07-01 12:56:52,398 - LiveReload server is running on port 35729
[INFO]2022-07-01 12:56:52,403 - Starting ProtocolHandler ["http-nio-8080"]
[INFO]2022-07-01 12:56:52,405 - Tomcat started on port(s): 8080 (http) with context path ''
[INFO]2022-07-01 12:56:52,415 - Started DemoApplication in 0.381 seconds (JVM running for 346.068)
[INFO]2022-07-01 12:56:52,416 - Condition evaluation unchanged
[INFO]2022-07-01 12:58:02,671 - Starting DemoApplication using Java 1.8.0_201 on LAPTOP-FAONMKSI with PID 22724 (D:\石河子&交大\demo\target\classes started by LENOVO in D:\石河子&交大\demo)
[INFO]2022-07-01 12:58:02,673 - No active profile set, falling back to 1 default profile: "default"
[INFO]2022-07-01 12:58:02,742 - Devtools property defaults active! Set 'spring.devtools.add-properties' to 'false' to disable
[INFO]2022-07-01 12:58:02,742 - For additional web related logging consider setting the 'logging.level.web' property to 'DEBUG'
[INFO]2022-07-01 12:58:04,113 - Tomcat initialized with port(s): 8080 (http)
[INFO]2022-07-01 12:58:04,121 - Initializing ProtocolHandler ["http-nio-8080"]
[INFO]2022-07-01 12:58:04,122 - Starting service [Tomcat]
[INFO]2022-07-01 12:58:04,122 - Starting Servlet engine: [Apache Tomcat/9.0.64]
[INFO]2022-07-01 12:58:04,245 - Initializing Spring embedded WebApplicationContext
[INFO]2022-07-01 12:58:04,245 - Root WebApplicationContext: initialization completed in 1501 ms
[INFO]2022-07-01 12:58:05,125 - LiveReload server is running on port 35729
[INFO]2022-07-01 12:58:05,141 - Starting ProtocolHandler ["http-nio-8080"]
[INFO]2022-07-01 12:58:05,162 - Tomcat started on port(s): 8080 (http) with context path ''
[INFO]2022-07-01 12:58:05,187 - Started DemoApplication in 3.332 seconds (JVM running for 4.762)
[INFO]2022-07-01 12:59:32,572 - Starting DemoApplication using Java 1.8.0_201 on LAPTOP-FAONMKSI with PID 22724 (D:\石河子&交大\demo\target\classes started by LENOVO in D:\石河子&交大\demo)
[INFO]2022-07-01 12:59:32,572 - No active profile set, falling back to 1 default profile: "default"
[INFO]2022-07-01 12:59:32,852 - Tomcat initialized with port(s): 8080 (http)
[INFO]2022-07-01 12:59:32,853 - Initializing ProtocolHandler ["http-nio-8080"]
[INFO]2022-07-01 12:59:32,853 - Starting service [Tomcat]
[INFO]2022-07-01 12:59:32,853 - Starting Servlet engine: [Apache Tomcat/9.0.64]
[INFO]2022-07-01 12:59:32,889 - Initializing Spring embedded WebApplicationContext
[INFO]2022-07-01 12:59:32,889 - Root WebApplicationContext: initialization completed in 314 ms
[INFO]2022-07-01 12:59:33,139 - LiveReload server is running on port 35729
[INFO]2022-07-01 12:59:33,154 - Starting ProtocolHandler ["http-nio-8080"]
[INFO]2022-07-01 12:59:33,157 - Tomcat started on port(s): 8080 (http) with context path ''
[INFO]2022-07-01 12:59:33,171 - Started DemoApplication in 0.636 seconds (JVM running for 92.747)
[INFO]2022-07-01 12:59:33,173 - Condition evaluation unchanged
[INFO]2022-07-01 12:59:34,954 - Starting DemoApplication using Java 1.8.0_201 on LAPTOP-FAONMKSI with PID 22724 (D:\石河子&交大\demo\target\classes started by LENOVO in D:\石河子&交大\demo)
[INFO]2022-07-01 12:59:34,955 - No active profile set, falling back to 1 default profile: "default"
[INFO]2022-07-01 12:59:35,121 - Tomcat initialized with port(s): 8080 (http)
[INFO]2022-07-01 12:59:35,121 - Initializing ProtocolHandler ["http-nio-8080"]
[INFO]2022-07-01 12:59:35,121 - Starting service [Tomcat]
[INFO]2022-07-01 12:59:35,122 - Starting Servlet engine: [Apache Tomcat/9.0.64]
[INFO]2022-07-01 12:59:35,142 - Initializing Spring embedded WebApplicationContext
[INFO]2022-07-01 12:59:35,142 - Root WebApplicationContext: initialization completed in 186 ms
[INFO]2022-07-01 12:59:35,255 - LiveReload server is running on port 35729
[INFO]2022-07-01 12:59:35,261 - Starting ProtocolHandler ["http-nio-8080"]
[INFO]2022-07-01 12:59:35,264 - Tomcat started on port(s): 8080 (http) with context path ''
[INFO]2022-07-01 12:59:35,271 - Started DemoApplication in 0.335 seconds (JVM running for 94.846)
[INFO]2022-07-01 12:59:35,271 - Condition evaluation unchanged
[INFO]2022-07-01 12:59:42,480 - Starting DemoApplication using Java 1.8.0_201 on LAPTOP-FAONMKSI with PID 14428 (D:\石河子&交大\demo\target\classes started by LENOVO in D:\石河子&交大\demo)
[INFO]2022-07-01 12:59:42,481 - No active profile set, falling back to 1 default profile: "default"
[INFO]2022-07-01 12:59:42,533 - Devtools property defaults active! Set 'spring.devtools.add-properties' to 'false' to disable
[INFO]2022-07-01 12:59:42,533 - For additional web related logging consider setting the 'logging.level.web' property to 'DEBUG'
[INFO]2022-07-01 12:59:43,497 - Tomcat initialized with port(s): 8080 (http)
[INFO]2022-07-01 12:59:43,503 - Initializing ProtocolHandler ["http-nio-8080"]
[INFO]2022-07-01 12:59:43,503 - Starting service [Tomcat]
[INFO]2022-07-01 12:59:43,503 - Starting Servlet engine: [Apache Tomcat/9.0.64]
[INFO]2022-07-01 12:59:43,588 - Initializing Spring embedded WebApplicationContext
[INFO]2022-07-01 12:59:43,588 - Root WebApplicationContext: initialization completed in 1054 ms
[INFO]2022-07-01 12:59:44,204 - LiveReload server is running on port 35729
[INFO]2022-07-01 12:59:44,216 - Starting ProtocolHandler ["http-nio-8080"]
[INFO]2022-07-01 12:59:44,228 - Tomcat started on port(s): 8080 (http) with context path ''
[INFO]2022-07-01 12:59:44,248 - Started DemoApplication in 2.124 seconds (JVM running for 2.948)
[INFO]2022-07-01 12:59:50,964 - Initializing Spring DispatcherServlet 'dispatcherServlet'
[INFO]2022-07-01 12:59:50,964 - Initializing Servlet 'dispatcherServlet'
[INFO]2022-07-01 12:59:50,966 - Completed initialization in 2 ms
[INFO]2022-07-01 13:09:11,885 - Starting DemoApplication using Java 1.8.0_201 on LAPTOP-FAONMKSI with PID 12576 (D:\石河子&交大\demo\target\classes started by LENOVO in D:\石河子&交大\demo)
[INFO]2022-07-01 13:09:11,887 - No active profile set, falling back to 1 default profile: "default"
[INFO]2022-07-01 13:09:11,951 - Devtools property defaults active! Set 'spring.devtools.add-properties' to 'false' to disable
[INFO]2022-07-01 13:09:11,951 - For additional web related logging consider setting the 'logging.level.web' property to 'DEBUG'
[INFO]2022-07-01 13:09:13,116 - Tomcat initialized with port(s): 8080 (http)
[INFO]2022-07-01 13:09:13,123 - Initializing ProtocolHandler ["http-nio-8080"]
[INFO]2022-07-01 13:09:13,123 - Starting service [Tomcat]
[INFO]2022-07-01 13:09:13,124 - Starting Servlet engine: [Apache Tomcat/9.0.64]
[INFO]2022-07-01 13:09:13,213 - Initializing Spring embedded WebApplicationContext
[INFO]2022-07-01 13:09:13,214 - Root WebApplicationContext: initialization completed in 1262 ms
[INFO]2022-07-01 13:09:13,931 - LiveReload server is running on port 35729
[INFO]2022-07-01 13:09:13,951 - Starting ProtocolHandler ["http-nio-8080"]
[INFO]2022-07-01 13:09:13,969 - Tomcat started on port(s): 8080 (http) with context path ''
[INFO]2022-07-01 13:09:13,996 - Started DemoApplication in 2.508 seconds (JVM running for 3.36)
[INFO]2022-07-01 13:13:30,187 - Initializing Spring DispatcherServlet 'dispatcherServlet'
[INFO]2022-07-01 13:13:30,187 - Initializing Servlet 'dispatcherServlet'
[INFO]2022-07-01 13:13:30,191 - Completed initialization in 4 ms
[INFO]2022-07-01 13:14:16,290 - Starting DemoApplication using Java 1.8.0_201 on LAPTOP-FAONMKSI with PID 12576 (D:\石河子&交大\demo\target\classes started by LENOVO in D:\石河子&交大\demo)
[INFO]2022-07-01 13:14:16,290 - No active profile set, falling back to 1 default profile: "default"
[INFO]2022-07-01 13:14:16,550 - Tomcat initialized with port(s): 8080 (http)
[INFO]2022-07-01 13:14:16,551 - Initializing ProtocolHandler ["http-nio-8080"]
[INFO]2022-07-01 13:14:16,551 - Starting service [Tomcat]
[INFO]2022-07-01 13:14:16,551 - Starting Servlet engine: [Apache Tomcat/9.0.64]
[INFO]2022-07-01 13:14:16,581 - Initializing Spring embedded WebApplicationContext
[INFO]2022-07-01 13:14:16,581 - Root WebApplicationContext: initialization completed in 289 ms
[INFO]2022-07-01 13:14:16,752 - LiveReload server is running on port 35729
[INFO]2022-07-01 13:14:16,766 - Starting ProtocolHandler ["http-nio-8080"]
[INFO]2022-07-01 13:14:16,769 - Tomcat started on port(s): 8080 (http) with context path ''
[INFO]2022-07-01 13:14:16,778 - Started DemoApplication in 0.517 seconds (JVM running for 306.142)
[INFO]2022-07-01 13:14:16,779 - Condition evaluation unchanged
[INFO]2022-07-01 13:14:18,555 - Starting DemoApplication using Java 1.8.0_201 on LAPTOP-FAONMKSI with PID 12576 (D:\石河子&交大\demo\target\classes started by LENOVO in D:\石河子&交大\demo)
[INFO]2022-07-01 13:14:18,555 - No active profile set, falling back to 1 default profile: "default"
[INFO]2022-07-01 13:14:18,698 - Tomcat initialized with port(s): 8080 (http)
[INFO]2022-07-01 13:14:18,698 - Initializing ProtocolHandler ["http-nio-8080"]
[INFO]2022-07-01 13:14:18,698 - Starting service [Tomcat]
[INFO]2022-07-01 13:14:18,698 - Starting Servlet engine: [Apache Tomcat/9.0.64]
[INFO]2022-07-01 13:14:18,717 - Initializing Spring embedded WebApplicationContext
[INFO]2022-07-01 13:14:18,717 - Root WebApplicationContext: initialization completed in 161 ms
[INFO]2022-07-01 13:14:18,828 - LiveReload server is running on port 35729
[INFO]2022-07-01 13:14:18,833 - Starting ProtocolHandler ["http-nio-8080"]
[INFO]2022-07-01 13:14:18,835 - Tomcat started on port(s): 8080 (http) with context path ''
[INFO]2022-07-01 13:14:18,841 - Started DemoApplication in 0.307 seconds (JVM running for 308.205)
[INFO]2022-07-01 13:14:18,841 - Condition evaluation unchanged
[INFO]2022-07-01 13:14:47,226 - Starting DemoApplication using Java 1.8.0_201 on LAPTOP-FAONMKSI with PID 3532 (D:\石河子&交大\demo\target\classes started by LENOVO in D:\石河子&交大\demo)
[INFO]2022-07-01 13:14:47,227 - No active profile set, falling back to 1 default profile: "default"
[INFO]2022-07-01 13:14:47,286 - Devtools property defaults active! Set 'spring.devtools.add-properties' to 'false' to disable
[INFO]2022-07-01 13:14:47,286 - For additional web related logging consider setting the 'logging.level.web' property to 'DEBUG'
[INFO]2022-07-01 13:14:48,359 - Tomcat initialized with port(s): 8080 (http)
[INFO]2022-07-01 13:14:48,374 - Initializing ProtocolHandler ["http-nio-8080"]
[INFO]2022-07-01 13:14:48,374 - Starting service [Tomcat]
[INFO]2022-07-01 13:14:48,375 - Starting Servlet engine: [Apache Tomcat/9.0.64]
[INFO]2022-07-01 13:14:48,469 - Initializing Spring embedded WebApplicationContext
[INFO]2022-07-01 13:14:48,470 - Root WebApplicationContext: initialization completed in 1183 ms
[INFO]2022-07-01 13:14:49,135 - LiveReload server is running on port 35729
[INFO]2022-07-01 13:14:49,149 - Starting ProtocolHandler ["http-nio-8080"]
[INFO]2022-07-01 13:14:49,164 - Tomcat started on port(s): 8080 (http) with context path ''
[INFO]2022-07-01 13:14:49,184 - Started DemoApplication in 2.41 seconds (JVM running for 3.261)
[INFO]2022-07-01 13:17:15,761 - Initializing Spring DispatcherServlet 'dispatcherServlet'
[INFO]2022-07-01 13:17:15,762 - Initializing Servlet 'dispatcherServlet'
[INFO]2022-07-01 13:17:15,766 - Completed initialization in 4 ms
[INFO]2022-07-01 13:17:37,965 - Starting DemoApplication using Java 1.8.0_201 on LAPTOP-FAONMKSI with PID 3532 (D:\石河子&交大\demo\target\classes started by LENOVO in D:\石河子&交大\demo)
[INFO]2022-07-01 13:17:37,965 - No active profile set, falling back to 1 default profile: "default"
[INFO]2022-07-01 13:17:38,191 - Tomcat initialized with port(s): 8080 (http)
[INFO]2022-07-01 13:17:38,191 - Initializing ProtocolHandler ["http-nio-8080"]
[INFO]2022-07-01 13:17:38,191 - Starting service [Tomcat]
[INFO]2022-07-01 13:17:38,191 - Starting Servlet engine: [Apache Tomcat/9.0.64]
[INFO]2022-07-01 13:17:38,224 - Initializing Spring embedded WebApplicationContext
[INFO]2022-07-01 13:17:38,225 - Root WebApplicationContext: initialization completed in 258 ms
[INFO]2022-07-01 13:17:38,368 - LiveReload server is running on port 35729
[INFO]2022-07-01 13:17:38,374 - Starting ProtocolHandler ["http-nio-8080"]
[INFO]2022-07-01 13:17:38,375 - Tomcat started on port(s): 8080 (http) with context path ''
[INFO]2022-07-01 13:17:38,382 - Started DemoApplication in 0.443 seconds (JVM running for 172.459)
[INFO]2022-07-01 13:17:38,383 - Condition evaluation unchanged
[INFO]2022-07-01 13:17:40,149 - Starting DemoApplication using Java 1.8.0_201 on LAPTOP-FAONMKSI with PID 3532 (D:\石河子&交大\demo\target\classes started by LENOVO in D:\石河子&交大\demo)
[INFO]2022-07-01 13:17:40,150 - No active profile set, falling back to 1 default profile: "default"
[INFO]2022-07-01 13:17:40,291 - Tomcat initialized with port(s): 8080 (http)
[INFO]2022-07-01 13:17:40,291 - Initializing ProtocolHandler ["http-nio-8080"]
[INFO]2022-07-01 13:17:40,291 - Starting service [Tomcat]
[INFO]2022-07-01 13:17:40,291 - Starting Servlet engine: [Apache Tomcat/9.0.64]
[INFO]2022-07-01 13:17:40,311 - Initializing Spring embedded WebApplicationContext
[INFO]2022-07-01 13:17:40,312 - Root WebApplicationContext: initialization completed in 160 ms
[INFO]2022-07-01 13:17:40,426 - LiveReload server is running on port 35729
[INFO]2022-07-01 13:17:40,432 - Starting ProtocolHandler ["http-nio-8080"]
[INFO]2022-07-01 13:17:40,433 - Tomcat started on port(s): 8080 (http) with context path ''
[INFO]2022-07-01 13:17:40,440 - Started DemoApplication in 0.31 seconds (JVM running for 174.517)
[INFO]2022-07-01 13:17:40,441 - Condition evaluation unchanged
[INFO]2022-07-01 13:17:45,683 - Initializing Spring DispatcherServlet 'dispatcherServlet'
[INFO]2022-07-01 13:17:45,685 - Initializing Servlet 'dispatcherServlet'
[INFO]2022-07-01 13:17:45,687 - Completed initialization in 2 ms
[INFO]2022-07-01 13:27:50,653 - Starting DemoApplication using Java 1.8.0_201 on LAPTOP-FAONMKSI with PID 4428 (D:\石河子&交大\demo\target\classes started by LENOVO in D:\石河子&交大\demo)
[INFO]2022-07-01 13:27:50,654 - No active profile set, falling back to 1 default profile: "default"
[INFO]2022-07-01 13:27:50,725 - Devtools property defaults active! Set 'spring.devtools.add-properties' to 'false' to disable
[INFO]2022-07-01 13:27:50,726 - For additional web related logging consider setting the 'logging.level.web' property to 'DEBUG'
[INFO]2022-07-01 13:27:52,149 - Tomcat initialized with port(s): 8080 (http)
[INFO]2022-07-01 13:27:52,158 - Initializing ProtocolHandler ["http-nio-8080"]
[INFO]2022-07-01 13:27:52,159 - Starting service [Tomcat]
[INFO]2022-07-01 13:27:52,159 - Starting Servlet engine: [Apache Tomcat/9.0.64]
[INFO]2022-07-01 13:27:52,242 - Initializing Spring embedded WebApplicationContext
[INFO]2022-07-01 13:27:52,243 - Root WebApplicationContext: initialization completed in 1514 ms
[INFO]2022-07-01 13:27:52,966 - LiveReload server is running on port 35729
[INFO]2022-07-01 13:27:52,977 - Starting ProtocolHandler ["http-nio-8080"]
[INFO]2022-07-01 13:27:52,993 - Tomcat started on port(s): 8080 (http) with context path ''
[INFO]2022-07-01 13:27:53,015 - Started DemoApplication in 2.935 seconds (JVM running for 4.146)
[INFO]2022-07-01 13:28:21,455 - Initializing Spring DispatcherServlet 'dispatcherServlet'
[INFO]2022-07-01 13:28:21,456 - Initializing Servlet 'dispatcherServlet'
[INFO]2022-07-01 13:28:21,460 - Completed initialization in 4 ms
[INFO]2022-07-01 13:28:56,459 - Starting DemoApplication using Java 1.8.0_201 on LAPTOP-FAONMKSI with PID 22416 (D:\石河子&交大\demo\target\classes started by LENOVO in D:\石河子&交大\demo)
[INFO]2022-07-01 13:28:56,461 - No active profile set, falling back to 1 default profile: "default"
[INFO]2022-07-01 13:28:56,526 - Devtools property defaults active! Set 'spring.devtools.add-properties' to 'false' to disable
[INFO]2022-07-01 13:28:56,526 - For additional web related logging consider setting the 'logging.level.web' property to 'DEBUG'
[INFO]2022-07-01 13:28:58,057 - Tomcat initialized with port(s): 8080 (http)
[INFO]2022-07-01 13:28:58,065 - Initializing ProtocolHandler ["http-nio-8080"]
[INFO]2022-07-01 13:28:58,065 - Starting service [Tomcat]
[INFO]2022-07-01 13:28:58,065 - Starting Servlet engine: [Apache Tomcat/9.0.64]
[INFO]2022-07-01 13:28:58,152 - Initializing Spring embedded WebApplicationContext
[INFO]2022-07-01 13:28:58,152 - Root WebApplicationContext: initialization completed in 1625 ms
[INFO]2022-07-01 13:28:58,973 - LiveReload server is running on port 35729
[INFO]2022-07-01 13:28:58,995 - Starting ProtocolHandler ["http-nio-8080"]
[INFO]2022-07-01 13:28:59,015 - Tomcat started on port(s): 8080 (http) with context path ''
[INFO]2022-07-01 13:28:59,040 - Started DemoApplication in 3.263 seconds (JVM running for 5.006)
[INFO]2022-07-01 13:29:37,423 - Initializing Spring DispatcherServlet 'dispatcherServlet'
[INFO]2022-07-01 13:29:37,424 - Initializing Servlet 'dispatcherServlet'
[INFO]2022-07-01 13:29:37,425 - Completed initialization in 1 ms
[INFO]2022-07-01 13:30:28,018 - Starting DemoApplication using Java 1.8.0_201 on LAPTOP-FAONMKSI with PID 23792 (D:\石河子&交大\demo\target\classes started by LENOVO in D:\石河子&交大\demo)
[INFO]2022-07-01 13:30:28,020 - No active profile set, falling back to 1 default profile: "default"
[INFO]2022-07-01 13:30:28,088 - Devtools property defaults active! Set 'spring.devtools.add-properties' to 'false' to disable
[INFO]2022-07-01 13:30:28,088 - For additional web related logging consider setting the 'logging.level.web' property to 'DEBUG'
[INFO]2022-07-01 13:30:29,008 - Tomcat initialized with port(s): 8080 (http)
[INFO]2022-07-01 13:30:29,014 - Initializing ProtocolHandler ["http-nio-8080"]
[INFO]2022-07-01 13:30:29,015 - Starting service [Tomcat]
[INFO]2022-07-01 13:30:29,015 - Starting Servlet engine: [Apache Tomcat/9.0.64]
[INFO]2022-07-01 13:30:29,090 - Initializing Spring embedded WebApplicationContext
[INFO]2022-07-01 13:30:29,091 - Root WebApplicationContext: initialization completed in 1002 ms
[INFO]2022-07-01 13:30:29,631 - LiveReload server is running on port 35729
[INFO]2022-07-01 13:30:29,646 - Starting ProtocolHandler ["http-nio-8080"]
[INFO]2022-07-01 13:30:29,659 - Tomcat started on port(s): 8080 (http) with context path ''
[INFO]2022-07-01 13:30:29,679 - Started DemoApplication in 2.25 seconds (JVM running for 3.166)
[INFO]2022-07-01 13:31:02,125 - Initializing Spring DispatcherServlet 'dispatcherServlet'
[INFO]2022-07-01 13:31:02,126 - Initializing Servlet 'dispatcherServlet'
[INFO]2022-07-01 13:31:02,128 - Completed initialization in 2 ms
[INFO]2022-07-01 13:33:27,733 - Starting DemoApplication using Java 1.8.0_201 on LAPTOP-FAONMKSI with PID 23792 (D:\石河子&交大\demo\target\classes started by LENOVO in D:\石河子&交大\demo)
[INFO]2022-07-01 13:33:27,733 - No active profile set, falling back to 1 default profile: "default"
[INFO]2022-07-01 13:33:27,915 - Tomcat initialized with port(s): 8080 (http)
[INFO]2022-07-01 13:33:27,915 - Initializing ProtocolHandler ["http-nio-8080"]
[INFO]2022-07-01 13:33:27,915 - Starting service [Tomcat]
[INFO]2022-07-01 13:33:27,915 - Starting Servlet engine: [Apache Tomcat/9.0.64]
[INFO]2022-07-01 13:33:27,943 - Initializing Spring embedded WebApplicationContext
[INFO]2022-07-01 13:33:27,944 - Root WebApplicationContext: initialization completed in 209 ms
[INFO]2022-07-01 13:33:28,080 - LiveReload server is running on port 35729
[INFO]2022-07-01 13:33:28,086 - Starting ProtocolHandler ["http-nio-8080"]
[INFO]2022-07-01 13:33:28,088 - Tomcat started on port(s): 8080 (http) with context path ''
[INFO]2022-07-01 13:33:28,096 - Started DemoApplication in 0.385 seconds (JVM running for 181.582)
[INFO]2022-07-01 13:33:28,097 - Condition evaluation unchanged
[INFO]2022-07-01 13:33:39,955 - Starting DemoApplication using Java 1.8.0_201 on LAPTOP-FAONMKSI with PID 18512 (D:\石河子&交大\demo\target\classes started by LENOVO in D:\石河子&交大\demo)
[INFO]2022-07-01 13:33:39,956 - No active profile set, falling back to 1 default profile: "default"
[INFO]2022-07-01 13:33:40,017 - Devtools property defaults active! Set 'spring.devtools.add-properties' to 'false' to disable
[INFO]2022-07-01 13:33:40,017 - For additional web related logging consider setting the 'logging.level.web' property to 'DEBUG'
[INFO]2022-07-01 13:33:40,911 - Tomcat initialized with port(s): 8080 (http)
[INFO]2022-07-01 13:33:40,917 - Initializing ProtocolHandler ["http-nio-8080"]
[INFO]2022-07-01 13:33:40,917 - Starting service [Tomcat]
[INFO]2022-07-01 13:33:40,917 - Starting Servlet engine: [Apache Tomcat/9.0.64]
[INFO]2022-07-01 13:33:40,992 - Initializing Spring embedded WebApplicationContext
[INFO]2022-07-01 13:33:40,992 - Root WebApplicationContext: initialization completed in 974 ms
[INFO]2022-07-01 13:33:41,561 - LiveReload server is running on port 35729
[INFO]2022-07-01 13:33:41,574 - Starting ProtocolHandler ["http-nio-8080"]
[INFO]2022-07-01 13:33:41,588 - Tomcat started on port(s): 8080 (http) with context path ''
[INFO]2022-07-01 13:33:41,611 - Started DemoApplication in 2.074 seconds (JVM running for 2.977)
[INFO]2022-07-01 13:33:57,960 - Initializing Spring DispatcherServlet 'dispatcherServlet'
[INFO]2022-07-01 13:33:57,960 - Initializing Servlet 'dispatcherServlet'
[INFO]2022-07-01 13:33:57,961 - Completed initialization in 1 ms
[INFO]2022-07-01 13:34:26,243 - Starting DemoApplication using Java 1.8.0_201 on LAPTOP-FAONMKSI with PID 18512 (D:\石河子&交大\demo\target\classes started by LENOVO in D:\石河子&交大\demo)
[INFO]2022-07-01 13:34:26,243 - No active profile set, falling back to 1 default profile: "default"
[INFO]2022-07-01 13:34:26,494 - Tomcat initialized with port(s): 8080 (http)
[INFO]2022-07-01 13:34:26,495 - Initializing ProtocolHandler ["http-nio-8080"]
[INFO]2022-07-01 13:34:26,495 - Starting service [Tomcat]
[INFO]2022-07-01 13:34:26,496 - Starting Servlet engine: [Apache Tomcat/9.0.64]
[INFO]2022-07-01 13:34:26,530 - Initializing Spring embedded WebApplicationContext
[INFO]2022-07-01 13:34:26,530 - Root WebApplicationContext: initialization completed in 285 ms
[INFO]2022-07-01 13:34:26,736 - LiveReload server is running on port 35729
[INFO]2022-07-01 13:34:26,744 - Starting ProtocolHandler ["http-nio-8080"]
[INFO]2022-07-01 13:34:26,746 - Tomcat started on port(s): 8080 (http) with context path ''
[INFO]2022-07-01 13:34:26,753 - Started DemoApplication in 0.535 seconds (JVM running for 48.119)
[INFO]2022-07-01 13:34:26,755 - Condition evaluation unchanged
[INFO]2022-07-01 13:34:28,534 - Starting DemoApplication using Java 1.8.0_201 on LAPTOP-FAONMKSI with PID 18512 (D:\石河子&交大\demo\target\classes started by LENOVO in D:\石河子&交大\demo)
[INFO]2022-07-01 13:34:28,534 - No active profile set, falling back to 1 default profile: "default"
[INFO]2022-07-01 13:34:28,684 - Tomcat initialized with port(s): 8080 (http)
[INFO]2022-07-01 13:34:28,685 - Initializing ProtocolHandler ["http-nio-8080"]
[INFO]2022-07-01 13:34:28,685 - Starting service [Tomcat]
[INFO]2022-07-01 13:34:28,685 - Starting Servlet engine: [Apache Tomcat/9.0.64]
[INFO]2022-07-01 13:34:28,706 - Initializing Spring embedded WebApplicationContext
[INFO]2022-07-01 13:34:28,706 - Root WebApplicationContext: initialization completed in 170 ms
[INFO]2022-07-01 13:34:28,829 - LiveReload server is running on port 35729
[INFO]2022-07-01 13:34:28,834 - Starting ProtocolHandler ["http-nio-8080"]
[INFO]2022-07-01 13:34:28,835 - Tomcat started on port(s): 8080 (http) with context path ''
[INFO]2022-07-01 13:34:28,841 - Started DemoApplication in 0.327 seconds (JVM running for 50.207)
[INFO]2022-07-01 13:34:28,842 - Condition evaluation unchanged
[INFO]2022-07-01 13:39:32,012 - Initializing Spring DispatcherServlet 'dispatcherServlet'
[INFO]2022-07-01 13:39:32,014 - Initializing Servlet 'dispatcherServlet'
[INFO]2022-07-01 13:39:32,016 - Completed initialization in 2 ms
[INFO]2022-07-01 13:39:51,080 - Starting DemoApplication using Java 1.8.0_201 on LAPTOP-FAONMKSI with PID 13652 (D:\石河子&交大\demo\target\classes started by LENOVO in D:\石河子&交大\demo)
[INFO]2022-07-01 13:39:51,081 - No active profile set, falling back to 1 default profile: "default"
[INFO]2022-07-01 13:39:51,130 - Devtools property defaults active! Set 'spring.devtools.add-properties' to 'false' to disable
[INFO]2022-07-01 13:39:51,130 - For additional web related logging consider setting the 'logging.level.web' property to 'DEBUG'
[INFO]2022-07-01 13:39:52,140 - Tomcat initialized with port(s): 8080 (http)
[INFO]2022-07-01 13:39:52,148 - Initializing ProtocolHandler ["http-nio-8080"]
[INFO]2022-07-01 13:39:52,149 - Starting service [Tomcat]
[INFO]2022-07-01 13:39:52,149 - Starting Servlet engine: [Apache Tomcat/9.0.64]
[INFO]2022-07-01 13:39:52,240 - Initializing Spring embedded WebApplicationContext
[INFO]2022-07-01 13:39:52,240 - Root WebApplicationContext: initialization completed in 1110 ms
[INFO]2022-07-01 13:39:52,919 - LiveReload server is running on port 35729
[INFO]2022-07-01 13:39:52,933 - Starting ProtocolHandler ["http-nio-8080"]
[INFO]2022-07-01 13:39:52,946 - Tomcat started on port(s): 8080 (http) with context path ''
[INFO]2022-07-01 13:39:52,970 - Started DemoApplication in 2.32 seconds (JVM running for 3.195)
[INFO]2022-07-01 13:46:10,922 - Initializing Spring DispatcherServlet 'dispatcherServlet'
[INFO]2022-07-01 13:46:10,922 - Initializing Servlet 'dispatcherServlet'
[INFO]2022-07-01 13:46:10,924 - Completed initialization in 2 ms
[INFO]2022-07-01 13:48:27,460 - Starting DemoApplication using Java 1.8.0_201 on LAPTOP-FAONMKSI with PID 18460 (D:\石河子&交大\demo\target\classes started by LENOVO in D:\石河子&交大\demo)
[INFO]2022-07-01 13:48:27,462 - No active profile set, falling back to 1 default profile: "default"
[INFO]2022-07-01 13:48:27,531 - Devtools property defaults active! Set 'spring.devtools.add-properties' to 'false' to disable
[INFO]2022-07-01 13:48:27,532 - For additional web related logging consider setting the 'logging.level.web' property to 'DEBUG'
[INFO]2022-07-01 13:48:28,761 - Tomcat initialized with port(s): 8080 (http)
[INFO]2022-07-01 13:48:28,768 - Initializing ProtocolHandler ["http-nio-8080"]
[INFO]2022-07-01 13:48:28,769 - Starting service [Tomcat]
[INFO]2022-07-01 13:48:28,769 - Starting Servlet engine: [Apache Tomcat/9.0.64]
[INFO]2022-07-01 13:48:28,844 - Initializing Spring embedded WebApplicationContext
[INFO]2022-07-01 13:48:28,845 - Root WebApplicationContext: initialization completed in 1313 ms
[INFO]2022-07-01 13:48:29,322 - Adding welcome page template: index
[INFO]2022-07-01 13:48:29,479 - LiveReload server is running on port 35729
[INFO]2022-07-01 13:48:29,492 - Starting ProtocolHandler ["http-nio-8080"]
[INFO]2022-07-01 13:48:29,509 - Tomcat started on port(s): 8080 (http) with context path ''
[INFO]2022-07-01 13:48:29,537 - Started DemoApplication in 2.729 seconds (JVM running for 3.828)
[INFO]2022-07-01 13:48:51,945 - Initializing Spring DispatcherServlet 'dispatcherServlet'
[INFO]2022-07-01 13:48:51,945 - Initializing Servlet 'dispatcherServlet'
[INFO]2022-07-01 13:48:51,948 - Completed initialization in 3 ms
[INFO]2022-07-01 13:50:02,940 - Starting DemoApplication using Java 1.8.0_201 on LAPTOP-FAONMKSI with PID 17324 (D:\石河子&交大\demo\target\classes started by LENOVO in D:\石河子&交大\demo)
[INFO]2022-07-01 13:50:02,942 - No active profile set, falling back to 1 default profile: "default"
[INFO]2022-07-01 13:50:02,991 - Devtools property defaults active! Set 'spring.devtools.add-properties' to 'false' to disable
[INFO]2022-07-01 13:50:02,992 - For additional web related logging consider setting the 'logging.level.web' property to 'DEBUG'
[INFO]2022-07-01 13:50:03,872 - Tomcat initialized with port(s): 8080 (http)
[INFO]2022-07-01 13:50:03,878 - Initializing ProtocolHandler ["http-nio-8080"]
[INFO]2022-07-01 13:50:03,879 - Starting service [Tomcat]
[INFO]2022-07-01 13:50:03,879 - Starting Servlet engine: [Apache Tomcat/9.0.64]
[INFO]2022-07-01 13:50:03,966 - Initializing Spring embedded WebApplicationContext
[INFO]2022-07-01 13:50:03,966 - Root WebApplicationContext: initialization completed in 974 ms
[INFO]2022-07-01 13:50:04,452 - Adding welcome page template: index
[INFO]2022-07-01 13:50:04,695 - LiveReload server is running on port 35729
[INFO]2022-07-01 13:50:04,713 - Starting ProtocolHandler ["http-nio-8080"]
[INFO]2022-07-01 13:50:04,730 - Tomcat started on port(s): 8080 (http) with context path ''
[INFO]2022-07-01 13:50:04,754 - Started DemoApplication in 2.232 seconds (JVM running for 3.172)
[INFO]2022-07-01 13:50:07,870 - Initializing Spring DispatcherServlet 'dispatcherServlet'
[INFO]2022-07-01 13:50:07,870 - Initializing Servlet 'dispatcherServlet'
[INFO]2022-07-01 13:50:07,872 - Completed initialization in 2 ms
