[INFO]2022-07-07 14:38:47,681 - Starting DemoApplication using Java 1.8.0_45 on LAPTOP-VH4VGU5A with PID 16628 (D:\mybatis\demo2\target\classes started by 12094 in D:\mybatis\demo2)
[INFO]2022-07-07 14:38:47,682 - No active profile set, falling back to 1 default profile: "default"
[INFO]2022-07-07 14:38:47,720 - Devtools property defaults active! Set 'spring.devtools.add-properties' to 'false' to disable
[INFO]2022-07-07 14:38:47,720 - For additional web related logging consider setting the 'logging.level.web' property to 'DEBUG'
[INFO]2022-07-07 14:38:49,334 - Tomcat initialized with port(s): 8080 (http)
[INFO]2022-07-07 14:38:49,341 - Loaded Apache Tomcat Native library [1.2.32] using APR version [1.7.0].
[INFO]2022-07-07 14:38:49,341 - APR capabilities: IPv6 [true], sendfile [true], accept filters [false], random [true], UDS [true].
[INFO]2022-07-07 14:38:49,341 - APR/OpenSSL configuration: useAprConnector [false], useOpenSSL [true]
[INFO]2022-07-07 14:38:49,451 - OpenSSL successfully initialized [OpenSSL 1.1.1n  15 Mar 2022]
[INFO]2022-07-07 14:38:49,467 - Initializing ProtocolHandler ["http-nio-8080"]
[INFO]2022-07-07 14:38:49,467 - Starting service [Tomcat]
[INFO]2022-07-07 14:38:49,467 - Starting Servlet engine: [Apache Tomcat/9.0.64]
[INFO]2022-07-07 14:38:49,803 - Initializing Spring embedded WebApplicationContext
[INFO]2022-07-07 14:38:49,803 - Root WebApplicationContext: initialization completed in 2083 ms
[INFO]2022-07-07 14:38:50,946 - Adding welcome page template: index
[INFO]2022-07-07 14:38:51,116 - LiveReload server is running on port 35729
[INFO]2022-07-07 14:38:51,127 - Starting ProtocolHandler ["http-nio-8080"]
[INFO]2022-07-07 14:38:51,160 - Tomcat started on port(s): 8080 (http) with context path ''
[INFO]2022-07-07 14:38:51,202 - Started DemoApplication in 4.105 seconds (JVM running for 5.925)
[INFO]2022-07-07 14:38:54,739 - Initializing Spring DispatcherServlet 'dispatcherServlet'
[INFO]2022-07-07 14:38:54,739 - Initializing Servlet 'dispatcherServlet'
[INFO]2022-07-07 14:38:54,740 - Completed initialization in 1 ms
[INFO]2022-07-07 14:40:19,973 - Starting DemoApplication using Java 1.8.0_45 on LAPTOP-VH4VGU5A with PID 1388 (D:\mybatis\demo2\target\classes started by 12094 in D:\mybatis\demo2)
[INFO]2022-07-07 14:40:19,974 - No active profile set, falling back to 1 default profile: "default"
[INFO]2022-07-07 14:40:20,021 - Devtools property defaults active! Set 'spring.devtools.add-properties' to 'false' to disable
[INFO]2022-07-07 14:40:20,021 - For additional web related logging consider setting the 'logging.level.web' property to 'DEBUG'
[INFO]2022-07-07 14:40:21,257 - Tomcat initialized with port(s): 8080 (http)
[INFO]2022-07-07 14:40:21,258 - Loaded Apache Tomcat Native library [1.2.32] using APR version [1.7.0].
[INFO]2022-07-07 14:40:21,258 - APR capabilities: IPv6 [true], sendfile [true], accept filters [false], random [true], UDS [true].
[INFO]2022-07-07 14:40:21,258 - APR/OpenSSL configuration: useAprConnector [false], useOpenSSL [true]
[INFO]2022-07-07 14:40:21,261 - OpenSSL successfully initialized [OpenSSL 1.1.1n  15 Mar 2022]
[INFO]2022-07-07 14:40:21,267 - Initializing ProtocolHandler ["http-nio-8080"]
[INFO]2022-07-07 14:40:21,268 - Starting service [Tomcat]
[INFO]2022-07-07 14:40:21,268 - Starting Servlet engine: [Apache Tomcat/9.0.64]
[INFO]2022-07-07 14:40:21,559 - Initializing Spring embedded WebApplicationContext
[INFO]2022-07-07 14:40:21,559 - Root WebApplicationContext: initialization completed in 1537 ms
[INFO]2022-07-07 14:40:22,027 - Adding welcome page template: index
[INFO]2022-07-07 14:40:22,163 - LiveReload server is running on port 35729
[INFO]2022-07-07 14:40:22,173 - Starting ProtocolHandler ["http-nio-8080"]
[INFO]2022-07-07 14:40:22,190 - Tomcat started on port(s): 8080 (http) with context path ''
[INFO]2022-07-07 14:40:22,226 - Started DemoApplication in 2.755 seconds (JVM running for 4.543)
[INFO]2022-07-07 14:40:45,788 - Initializing Spring DispatcherServlet 'dispatcherServlet'
[INFO]2022-07-07 14:40:45,788 - Initializing Servlet 'dispatcherServlet'
[INFO]2022-07-07 14:40:45,789 - Completed initialization in 1 ms
[INFO]2022-07-07 14:41:28,011 - Starting DemoApplication using Java 1.8.0_45 on LAPTOP-VH4VGU5A with PID 1388 (D:\mybatis\demo2\target\classes started by 12094 in D:\mybatis\demo2)
[INFO]2022-07-07 14:41:28,012 - No active profile set, falling back to 1 default profile: "default"
[INFO]2022-07-07 14:41:28,633 - Tomcat initialized with port(s): 8080 (http)
[INFO]2022-07-07 14:41:28,633 - Loaded Apache Tomcat Native library [1.2.32] using APR version [1.7.0].
[INFO]2022-07-07 14:41:28,633 - APR capabilities: IPv6 [true], sendfile [true], accept filters [false], random [true], UDS [true].
[INFO]2022-07-07 14:41:28,633 - APR/OpenSSL configuration: useAprConnector [false], useOpenSSL [true]
[INFO]2022-07-07 14:41:28,633 - OpenSSL successfully initialized [OpenSSL 1.1.1n  15 Mar 2022]
[INFO]2022-07-07 14:41:28,634 - Initializing ProtocolHandler ["http-nio-8080"]
[INFO]2022-07-07 14:41:28,635 - Starting service [Tomcat]
[INFO]2022-07-07 14:41:28,635 - Starting Servlet engine: [Apache Tomcat/9.0.64]
[INFO]2022-07-07 14:41:28,810 - Initializing Spring embedded WebApplicationContext
[INFO]2022-07-07 14:41:28,810 - Root WebApplicationContext: initialization completed in 796 ms
[INFO]2022-07-07 14:41:29,094 - Adding welcome page template: index
[INFO]2022-07-07 14:41:29,183 - LiveReload server is running on port 35729
[INFO]2022-07-07 14:41:29,198 - Starting ProtocolHandler ["http-nio-8080"]
[INFO]2022-07-07 14:41:29,200 - Tomcat started on port(s): 8080 (http) with context path ''
[INFO]2022-07-07 14:41:29,222 - Started DemoApplication in 1.267 seconds (JVM running for 71.54)
[INFO]2022-07-07 14:41:29,224 - Condition evaluation unchanged
[INFO]2022-07-07 14:41:32,594 - Starting DemoApplication using Java 1.8.0_45 on LAPTOP-VH4VGU5A with PID 1388 (D:\mybatis\demo2\target\classes started by 12094 in D:\mybatis\demo2)
[INFO]2022-07-07 14:41:32,594 - No active profile set, falling back to 1 default profile: "default"
[INFO]2022-07-07 14:41:32,892 - Tomcat initialized with port(s): 8080 (http)
[INFO]2022-07-07 14:41:32,893 - Loaded Apache Tomcat Native library [1.2.32] using APR version [1.7.0].
[INFO]2022-07-07 14:41:32,893 - APR capabilities: IPv6 [true], sendfile [true], accept filters [false], random [true], UDS [true].
[INFO]2022-07-07 14:41:32,893 - APR/OpenSSL configuration: useAprConnector [false], useOpenSSL [true]
[INFO]2022-07-07 14:41:32,893 - OpenSSL successfully initialized [OpenSSL 1.1.1n  15 Mar 2022]
[INFO]2022-07-07 14:41:32,894 - Initializing ProtocolHandler ["http-nio-8080"]
[INFO]2022-07-07 14:41:32,894 - Starting service [Tomcat]
[INFO]2022-07-07 14:41:32,895 - Starting Servlet engine: [Apache Tomcat/9.0.64]
[INFO]2022-07-07 14:41:32,990 - Initializing Spring embedded WebApplicationContext
[INFO]2022-07-07 14:41:32,990 - Root WebApplicationContext: initialization completed in 393 ms
[INFO]2022-07-07 14:41:33,188 - Adding welcome page template: index
[INFO]2022-07-07 14:41:33,272 - LiveReload server is running on port 35729
[INFO]2022-07-07 14:41:33,287 - Starting ProtocolHandler ["http-nio-8080"]
[INFO]2022-07-07 14:41:33,291 - Tomcat started on port(s): 8080 (http) with context path ''
[INFO]2022-07-07 14:41:33,317 - Started DemoApplication in 0.765 seconds (JVM running for 75.635)
[INFO]2022-07-07 14:41:33,320 - Condition evaluation unchanged
[INFO]2022-07-07 14:41:34,127 - Initializing Spring DispatcherServlet 'dispatcherServlet'
[INFO]2022-07-07 14:41:34,129 - Initializing Servlet 'dispatcherServlet'
[INFO]2022-07-07 14:41:34,130 - Completed initialization in 1 ms
[INFO]2022-07-07 14:41:34,159 - HikariPool-1 - Starting...
[INFO]2022-07-07 14:41:34,315 - HikariPool-1 - Start completed.
[WARN]2022-07-07 14:41:34,363 - Resolved [org.springframework.http.converter.HttpMessageNotReadableException: JSON parse error: Cannot deserialize value of type `java.lang.Long` from Object value (token `JsonToken.START_OBJECT`); nested exception is com.fasterxml.jackson.databind.exc.MismatchedInputException: Cannot deserialize value of type `java.lang.Long` from Object value (token `JsonToken.START_OBJECT`)<EOL> at [Source: (org.springframework.util.StreamUtils$NonClosingInputStream); line: 1, column: 1]]
[INFO]2022-07-07 14:41:35,193 - HikariPool-1 - Shutdown initiated...
[INFO]2022-07-07 14:41:35,199 - HikariPool-1 - Shutdown completed.
[INFO]2022-07-07 14:41:35,364 - Starting DemoApplication using Java 1.8.0_45 on LAPTOP-VH4VGU5A with PID 1388 (D:\mybatis\demo2\target\classes started by 12094 in D:\mybatis\demo2)
[INFO]2022-07-07 14:41:35,364 - No active profile set, falling back to 1 default profile: "default"
[INFO]2022-07-07 14:41:35,657 - Tomcat initialized with port(s): 8080 (http)
[INFO]2022-07-07 14:41:35,657 - Loaded Apache Tomcat Native library [1.2.32] using APR version [1.7.0].
[INFO]2022-07-07 14:41:35,657 - APR capabilities: IPv6 [true], sendfile [true], accept filters [false], random [true], UDS [true].
[INFO]2022-07-07 14:41:35,657 - APR/OpenSSL configuration: useAprConnector [false], useOpenSSL [true]
[INFO]2022-07-07 14:41:35,657 - OpenSSL successfully initialized [OpenSSL 1.1.1n  15 Mar 2022]
[INFO]2022-07-07 14:41:35,658 - Initializing ProtocolHandler ["http-nio-8080"]
[INFO]2022-07-07 14:41:35,658 - Starting service [Tomcat]
[INFO]2022-07-07 14:41:35,658 - Starting Servlet engine: [Apache Tomcat/9.0.64]
[INFO]2022-07-07 14:41:35,725 - Initializing Spring embedded WebApplicationContext
[INFO]2022-07-07 14:41:35,725 - Root WebApplicationContext: initialization completed in 359 ms
[INFO]2022-07-07 14:41:35,865 - Adding welcome page template: index
[INFO]2022-07-07 14:41:35,948 - LiveReload server is running on port 35729
[INFO]2022-07-07 14:41:35,955 - Starting ProtocolHandler ["http-nio-8080"]
[INFO]2022-07-07 14:41:35,959 - Tomcat started on port(s): 8080 (http) with context path ''
[INFO]2022-07-07 14:41:35,983 - Started DemoApplication in 0.643 seconds (JVM running for 78.3)
[INFO]2022-07-07 14:41:35,985 - Condition evaluation unchanged
[INFO]2022-07-07 14:41:36,691 - Initializing Spring DispatcherServlet 'dispatcherServlet'
[INFO]2022-07-07 14:41:36,692 - Initializing Servlet 'dispatcherServlet'
[INFO]2022-07-07 14:41:36,693 - Completed initialization in 1 ms
[INFO]2022-07-07 14:41:38,985 - Starting DemoApplication using Java 1.8.0_45 on LAPTOP-VH4VGU5A with PID 1388 (D:\mybatis\demo2\target\classes started by 12094 in D:\mybatis\demo2)
[INFO]2022-07-07 14:41:38,985 - No active profile set, falling back to 1 default profile: "default"
[INFO]2022-07-07 14:41:39,161 - Tomcat initialized with port(s): 8080 (http)
[INFO]2022-07-07 14:41:39,161 - Loaded Apache Tomcat Native library [1.2.32] using APR version [1.7.0].
[INFO]2022-07-07 14:41:39,161 - APR capabilities: IPv6 [true], sendfile [true], accept filters [false], random [true], UDS [true].
[INFO]2022-07-07 14:41:39,161 - APR/OpenSSL configuration: useAprConnector [false], useOpenSSL [true]
[INFO]2022-07-07 14:41:39,161 - OpenSSL successfully initialized [OpenSSL 1.1.1n  15 Mar 2022]
[INFO]2022-07-07 14:41:39,161 - Initializing ProtocolHandler ["http-nio-8080"]
[INFO]2022-07-07 14:41:39,161 - Starting service [Tomcat]
[INFO]2022-07-07 14:41:39,161 - Starting Servlet engine: [Apache Tomcat/9.0.64]
[INFO]2022-07-07 14:41:39,208 - Initializing Spring embedded WebApplicationContext
[INFO]2022-07-07 14:41:39,208 - Root WebApplicationContext: initialization completed in 221 ms
[INFO]2022-07-07 14:41:39,308 - Adding welcome page template: index
[INFO]2022-07-07 14:41:39,378 - LiveReload server is running on port 35729
[INFO]2022-07-07 14:41:39,382 - Starting ProtocolHandler ["http-nio-8080"]
[INFO]2022-07-07 14:41:39,384 - Tomcat started on port(s): 8080 (http) with context path ''
[INFO]2022-07-07 14:41:39,392 - Started DemoApplication in 0.427 seconds (JVM running for 81.709)
[INFO]2022-07-07 14:41:39,393 - Condition evaluation unchanged
[INFO]2022-07-07 14:41:47,450 - Starting DemoApplication using Java 1.8.0_45 on LAPTOP-VH4VGU5A with PID 22404 (D:\mybatis\demo2\target\classes started by 12094 in D:\mybatis\demo2)
[INFO]2022-07-07 14:41:47,451 - No active profile set, falling back to 1 default profile: "default"
[INFO]2022-07-07 14:41:47,503 - Devtools property defaults active! Set 'spring.devtools.add-properties' to 'false' to disable
[INFO]2022-07-07 14:41:47,503 - For additional web related logging consider setting the 'logging.level.web' property to 'DEBUG'
[INFO]2022-07-07 14:41:48,820 - Tomcat initialized with port(s): 8080 (http)
[INFO]2022-07-07 14:41:48,821 - Loaded Apache Tomcat Native library [1.2.32] using APR version [1.7.0].
[INFO]2022-07-07 14:41:48,821 - APR capabilities: IPv6 [true], sendfile [true], accept filters [false], random [true], UDS [true].
[INFO]2022-07-07 14:41:48,821 - APR/OpenSSL configuration: useAprConnector [false], useOpenSSL [true]
[INFO]2022-07-07 14:41:48,824 - OpenSSL successfully initialized [OpenSSL 1.1.1n  15 Mar 2022]
[INFO]2022-07-07 14:41:48,829 - Initializing ProtocolHandler ["http-nio-8080"]
[INFO]2022-07-07 14:41:48,830 - Starting service [Tomcat]
[INFO]2022-07-07 14:41:48,830 - Starting Servlet engine: [Apache Tomcat/9.0.64]
[INFO]2022-07-07 14:41:49,120 - Initializing Spring embedded WebApplicationContext
[INFO]2022-07-07 14:41:49,120 - Root WebApplicationContext: initialization completed in 1616 ms
[INFO]2022-07-07 14:41:49,584 - Adding welcome page template: index
[INFO]2022-07-07 14:41:49,716 - LiveReload server is running on port 35729
[INFO]2022-07-07 14:41:49,725 - Starting ProtocolHandler ["http-nio-8080"]
[INFO]2022-07-07 14:41:49,742 - Tomcat started on port(s): 8080 (http) with context path ''
[INFO]2022-07-07 14:41:49,765 - Started DemoApplication in 2.773 seconds (JVM running for 4.946)
[INFO]2022-07-07 14:41:51,336 - Initializing Spring DispatcherServlet 'dispatcherServlet'
[INFO]2022-07-07 14:41:51,336 - Initializing Servlet 'dispatcherServlet'
[INFO]2022-07-07 14:41:51,337 - Completed initialization in 1 ms
[INFO]2022-07-07 14:41:59,091 - HikariPool-1 - Starting...
[INFO]2022-07-07 14:41:59,178 - HikariPool-1 - Start completed.
[WARN]2022-07-07 14:41:59,220 - Resolved [org.springframework.http.converter.HttpMessageNotReadableException: JSON parse error: Cannot deserialize value of type `java.lang.Long` from Object value (token `JsonToken.START_OBJECT`); nested exception is com.fasterxml.jackson.databind.exc.MismatchedInputException: Cannot deserialize value of type `java.lang.Long` from Object value (token `JsonToken.START_OBJECT`)<EOL> at [Source: (org.springframework.util.StreamUtils$NonClosingInputStream); line: 1, column: 1]]
[INFO]2022-07-07 14:42:12,609 - HikariPool-1 - Shutdown initiated...
[INFO]2022-07-07 14:42:12,617 - HikariPool-1 - Shutdown completed.
[INFO]2022-07-07 14:42:12,802 - Starting DemoApplication using Java 1.8.0_45 on LAPTOP-VH4VGU5A with PID 22404 (D:\mybatis\demo2\target\classes started by 12094 in D:\mybatis\demo2)
[INFO]2022-07-07 14:42:12,802 - No active profile set, falling back to 1 default profile: "default"
[INFO]2022-07-07 14:42:13,044 - Tomcat initialized with port(s): 8080 (http)
[INFO]2022-07-07 14:42:13,044 - Loaded Apache Tomcat Native library [1.2.32] using APR version [1.7.0].
[INFO]2022-07-07 14:42:13,044 - APR capabilities: IPv6 [true], sendfile [true], accept filters [false], random [true], UDS [true].
[INFO]2022-07-07 14:42:13,044 - APR/OpenSSL configuration: useAprConnector [false], useOpenSSL [true]
[INFO]2022-07-07 14:42:13,044 - OpenSSL successfully initialized [OpenSSL 1.1.1n  15 Mar 2022]
[INFO]2022-07-07 14:42:13,044 - Initializing ProtocolHandler ["http-nio-8080"]
[INFO]2022-07-07 14:42:13,045 - Starting service [Tomcat]
[INFO]2022-07-07 14:42:13,045 - Starting Servlet engine: [Apache Tomcat/9.0.64]
[INFO]2022-07-07 14:42:13,114 - Initializing Spring embedded WebApplicationContext
[INFO]2022-07-07 14:42:13,115 - Root WebApplicationContext: initialization completed in 311 ms
[INFO]2022-07-07 14:42:13,266 - Adding welcome page template: index
[INFO]2022-07-07 14:42:13,356 - LiveReload server is running on port 35729
[INFO]2022-07-07 14:42:13,375 - Starting ProtocolHandler ["http-nio-8080"]
[INFO]2022-07-07 14:42:13,379 - Tomcat started on port(s): 8080 (http) with context path ''
[INFO]2022-07-07 14:42:13,397 - Started DemoApplication in 0.624 seconds (JVM running for 28.577)
[INFO]2022-07-07 14:42:13,400 - Condition evaluation unchanged
[INFO]2022-07-07 14:42:38,183 - Starting DemoApplication using Java 1.8.0_45 on LAPTOP-VH4VGU5A with PID 16328 (D:\mybatis\demo2\target\classes started by 12094 in D:\mybatis\demo2)
[INFO]2022-07-07 14:42:38,184 - No active profile set, falling back to 1 default profile: "default"
[INFO]2022-07-07 14:42:38,240 - Devtools property defaults active! Set 'spring.devtools.add-properties' to 'false' to disable
[INFO]2022-07-07 14:42:38,241 - For additional web related logging consider setting the 'logging.level.web' property to 'DEBUG'
[INFO]2022-07-07 14:42:39,253 - Tomcat initialized with port(s): 8080 (http)
[INFO]2022-07-07 14:42:39,254 - Loaded Apache Tomcat Native library [1.2.32] using APR version [1.7.0].
[INFO]2022-07-07 14:42:39,254 - APR capabilities: IPv6 [true], sendfile [true], accept filters [false], random [true], UDS [true].
[INFO]2022-07-07 14:42:39,254 - APR/OpenSSL configuration: useAprConnector [false], useOpenSSL [true]
[INFO]2022-07-07 14:42:39,257 - OpenSSL successfully initialized [OpenSSL 1.1.1n  15 Mar 2022]
[INFO]2022-07-07 14:42:39,263 - Initializing ProtocolHandler ["http-nio-8080"]
[INFO]2022-07-07 14:42:39,264 - Starting service [Tomcat]
[INFO]2022-07-07 14:42:39,264 - Starting Servlet engine: [Apache Tomcat/9.0.64]
[INFO]2022-07-07 14:42:39,542 - Initializing Spring embedded WebApplicationContext
[INFO]2022-07-07 14:42:39,542 - Root WebApplicationContext: initialization completed in 1301 ms
[INFO]2022-07-07 14:42:40,012 - Adding welcome page template: index
[INFO]2022-07-07 14:42:40,171 - LiveReload server is running on port 35729
[INFO]2022-07-07 14:42:40,180 - Starting ProtocolHandler ["http-nio-8080"]
[INFO]2022-07-07 14:42:40,196 - Tomcat started on port(s): 8080 (http) with context path ''
[INFO]2022-07-07 14:42:40,223 - Started DemoApplication in 2.541 seconds (JVM running for 4.156)
[INFO]2022-07-07 14:43:35,459 - Initializing Spring DispatcherServlet 'dispatcherServlet'
[INFO]2022-07-07 14:43:35,459 - Initializing Servlet 'dispatcherServlet'
[INFO]2022-07-07 14:43:35,460 - Completed initialization in 1 ms
[INFO]2022-07-07 14:43:39,059 - HikariPool-1 - Starting...
[INFO]2022-07-07 14:43:39,144 - HikariPool-1 - Start completed.
[WARN]2022-07-07 14:43:39,186 - Resolved [org.springframework.web.bind.MissingServletRequestParameterException: Required request parameter 'userId' for method parameter type Long is not present]
[INFO]2022-07-07 14:44:22,579 - Starting DemoApplication using Java 1.8.0_45 on LAPTOP-VH4VGU5A with PID 5584 (D:\mybatis\demo2\target\classes started by 12094 in D:\mybatis\demo2)
[INFO]2022-07-07 14:44:22,580 - No active profile set, falling back to 1 default profile: "default"
[INFO]2022-07-07 14:44:22,626 - Devtools property defaults active! Set 'spring.devtools.add-properties' to 'false' to disable
[INFO]2022-07-07 14:44:22,626 - For additional web related logging consider setting the 'logging.level.web' property to 'DEBUG'
[INFO]2022-07-07 14:44:23,965 - Tomcat initialized with port(s): 8080 (http)
[INFO]2022-07-07 14:44:23,966 - Loaded Apache Tomcat Native library [1.2.32] using APR version [1.7.0].
[INFO]2022-07-07 14:44:23,966 - APR capabilities: IPv6 [true], sendfile [true], accept filters [false], random [true], UDS [true].
[INFO]2022-07-07 14:44:23,966 - APR/OpenSSL configuration: useAprConnector [false], useOpenSSL [true]
[INFO]2022-07-07 14:44:23,971 - OpenSSL successfully initialized [OpenSSL 1.1.1n  15 Mar 2022]
[INFO]2022-07-07 14:44:23,979 - Initializing ProtocolHandler ["http-nio-8080"]
[INFO]2022-07-07 14:44:23,980 - Starting service [Tomcat]
[INFO]2022-07-07 14:44:23,980 - Starting Servlet engine: [Apache Tomcat/9.0.64]
[INFO]2022-07-07 14:44:24,291 - Initializing Spring embedded WebApplicationContext
[INFO]2022-07-07 14:44:24,291 - Root WebApplicationContext: initialization completed in 1664 ms
[INFO]2022-07-07 14:44:24,859 - Adding welcome page template: index
[INFO]2022-07-07 14:44:25,049 - LiveReload server is running on port 35729
[INFO]2022-07-07 14:44:25,068 - Starting ProtocolHandler ["http-nio-8080"]
[INFO]2022-07-07 14:44:25,098 - Tomcat started on port(s): 8080 (http) with context path ''
[INFO]2022-07-07 14:44:25,154 - Started DemoApplication in 3.032 seconds (JVM running for 5.056)
[INFO]2022-07-07 14:44:32,007 - Initializing Spring DispatcherServlet 'dispatcherServlet'
[INFO]2022-07-07 14:44:32,008 - Initializing Servlet 'dispatcherServlet'
[INFO]2022-07-07 14:44:32,008 - Completed initialization in 0 ms
[INFO]2022-07-07 14:45:20,508 - Starting DemoApplication using Java 1.8.0_45 on LAPTOP-VH4VGU5A with PID 5584 (D:\mybatis\demo2\target\classes started by 12094 in D:\mybatis\demo2)
[INFO]2022-07-07 14:45:20,509 - No active profile set, falling back to 1 default profile: "default"
[INFO]2022-07-07 14:45:20,894 - Tomcat initialized with port(s): 8080 (http)
[INFO]2022-07-07 14:45:20,895 - Loaded Apache Tomcat Native library [1.2.32] using APR version [1.7.0].
[INFO]2022-07-07 14:45:20,895 - APR capabilities: IPv6 [true], sendfile [true], accept filters [false], random [true], UDS [true].
[INFO]2022-07-07 14:45:20,895 - APR/OpenSSL configuration: useAprConnector [false], useOpenSSL [true]
[INFO]2022-07-07 14:45:20,895 - OpenSSL successfully initialized [OpenSSL 1.1.1n  15 Mar 2022]
[INFO]2022-07-07 14:45:20,896 - Initializing ProtocolHandler ["http-nio-8080"]
[INFO]2022-07-07 14:45:20,896 - Starting service [Tomcat]
[INFO]2022-07-07 14:45:20,897 - Starting Servlet engine: [Apache Tomcat/9.0.64]
[INFO]2022-07-07 14:45:20,988 - Initializing Spring embedded WebApplicationContext
[INFO]2022-07-07 14:45:20,988 - Root WebApplicationContext: initialization completed in 477 ms
[INFO]2022-07-07 14:45:21,133 - Adding welcome page template: index
[INFO]2022-07-07 14:45:21,225 - LiveReload server is running on port 35729
[INFO]2022-07-07 14:45:21,234 - Starting ProtocolHandler ["http-nio-8080"]
[INFO]2022-07-07 14:45:21,237 - Tomcat started on port(s): 8080 (http) with context path ''
[INFO]2022-07-07 14:45:21,258 - Started DemoApplication in 0.781 seconds (JVM running for 61.16)
[INFO]2022-07-07 14:45:21,259 - Condition evaluation unchanged
[INFO]2022-07-07 14:45:23,371 - Starting DemoApplication using Java 1.8.0_45 on LAPTOP-VH4VGU5A with PID 5584 (D:\mybatis\demo2\target\classes started by 12094 in D:\mybatis\demo2)
[INFO]2022-07-07 14:45:23,371 - No active profile set, falling back to 1 default profile: "default"
[INFO]2022-07-07 14:45:23,575 - Tomcat initialized with port(s): 8080 (http)
[INFO]2022-07-07 14:45:23,576 - Loaded Apache Tomcat Native library [1.2.32] using APR version [1.7.0].
[INFO]2022-07-07 14:45:23,576 - APR capabilities: IPv6 [true], sendfile [true], accept filters [false], random [true], UDS [true].
[INFO]2022-07-07 14:45:23,576 - APR/OpenSSL configuration: useAprConnector [false], useOpenSSL [true]
[INFO]2022-07-07 14:45:23,576 - OpenSSL successfully initialized [OpenSSL 1.1.1n  15 Mar 2022]
[INFO]2022-07-07 14:45:23,576 - Initializing ProtocolHandler ["http-nio-8080"]
[INFO]2022-07-07 14:45:23,576 - Starting service [Tomcat]
[INFO]2022-07-07 14:45:23,577 - Starting Servlet engine: [Apache Tomcat/9.0.64]
[INFO]2022-07-07 14:45:23,627 - Initializing Spring embedded WebApplicationContext
[INFO]2022-07-07 14:45:23,627 - Root WebApplicationContext: initialization completed in 253 ms
[INFO]2022-07-07 14:45:23,746 - Adding welcome page template: index
[INFO]2022-07-07 14:45:23,832 - LiveReload server is running on port 35729
[INFO]2022-07-07 14:45:23,838 - Starting ProtocolHandler ["http-nio-8080"]
[INFO]2022-07-07 14:45:23,841 - Tomcat started on port(s): 8080 (http) with context path ''
[INFO]2022-07-07 14:45:23,859 - Started DemoApplication in 0.513 seconds (JVM running for 63.763)
[INFO]2022-07-07 14:45:23,860 - Condition evaluation unchanged
[INFO]2022-07-07 14:45:39,316 - Starting DemoApplication using Java 1.8.0_45 on LAPTOP-VH4VGU5A with PID 5584 (D:\mybatis\demo2\target\classes started by 12094 in D:\mybatis\demo2)
[INFO]2022-07-07 14:45:39,316 - No active profile set, falling back to 1 default profile: "default"
[INFO]2022-07-07 14:45:39,512 - Tomcat initialized with port(s): 8080 (http)
[INFO]2022-07-07 14:45:39,512 - Loaded Apache Tomcat Native library [1.2.32] using APR version [1.7.0].
[INFO]2022-07-07 14:45:39,512 - APR capabilities: IPv6 [true], sendfile [true], accept filters [false], random [true], UDS [true].
[INFO]2022-07-07 14:45:39,512 - APR/OpenSSL configuration: useAprConnector [false], useOpenSSL [true]
[INFO]2022-07-07 14:45:39,512 - OpenSSL successfully initialized [OpenSSL 1.1.1n  15 Mar 2022]
[INFO]2022-07-07 14:45:39,513 - Initializing ProtocolHandler ["http-nio-8080"]
[INFO]2022-07-07 14:45:39,513 - Starting service [Tomcat]
[INFO]2022-07-07 14:45:39,513 - Starting Servlet engine: [Apache Tomcat/9.0.64]
[INFO]2022-07-07 14:45:39,562 - Initializing Spring embedded WebApplicationContext
[INFO]2022-07-07 14:45:39,562 - Root WebApplicationContext: initialization completed in 245 ms
[INFO]2022-07-07 14:45:39,675 - Adding welcome page template: index
[INFO]2022-07-07 14:45:39,753 - LiveReload server is running on port 35729
[INFO]2022-07-07 14:45:39,756 - Starting ProtocolHandler ["http-nio-8080"]
[INFO]2022-07-07 14:45:39,758 - Tomcat started on port(s): 8080 (http) with context path ''
[INFO]2022-07-07 14:45:39,781 - Started DemoApplication in 0.489 seconds (JVM running for 79.684)
[INFO]2022-07-07 14:45:39,782 - Condition evaluation unchanged
[INFO]2022-07-07 14:45:42,977 - Starting DemoApplication using Java 1.8.0_45 on LAPTOP-VH4VGU5A with PID 5584 (D:\mybatis\demo2\target\classes started by 12094 in D:\mybatis\demo2)
[INFO]2022-07-07 14:45:42,977 - No active profile set, falling back to 1 default profile: "default"
[INFO]2022-07-07 14:45:43,217 - Tomcat initialized with port(s): 8080 (http)
[INFO]2022-07-07 14:45:43,217 - Loaded Apache Tomcat Native library [1.2.32] using APR version [1.7.0].
[INFO]2022-07-07 14:45:43,217 - APR capabilities: IPv6 [true], sendfile [true], accept filters [false], random [true], UDS [true].
[INFO]2022-07-07 14:45:43,217 - APR/OpenSSL configuration: useAprConnector [false], useOpenSSL [true]
[INFO]2022-07-07 14:45:43,217 - OpenSSL successfully initialized [OpenSSL 1.1.1n  15 Mar 2022]
[INFO]2022-07-07 14:45:43,218 - Initializing ProtocolHandler ["http-nio-8080"]
[INFO]2022-07-07 14:45:43,218 - Starting service [Tomcat]
[INFO]2022-07-07 14:45:43,218 - Starting Servlet engine: [Apache Tomcat/9.0.64]
[INFO]2022-07-07 14:45:43,293 - Initializing Spring embedded WebApplicationContext
[INFO]2022-07-07 14:45:43,294 - Root WebApplicationContext: initialization completed in 315 ms
[INFO]2022-07-07 14:45:43,433 - Adding welcome page template: index
[INFO]2022-07-07 14:45:43,514 - LiveReload server is running on port 35729
[INFO]2022-07-07 14:45:43,518 - Starting ProtocolHandler ["http-nio-8080"]
[INFO]2022-07-07 14:45:43,520 - Tomcat started on port(s): 8080 (http) with context path ''
[INFO]2022-07-07 14:45:43,529 - Started DemoApplication in 0.58 seconds (JVM running for 83.432)
[INFO]2022-07-07 14:45:43,530 - Condition evaluation unchanged
[INFO]2022-07-07 14:45:45,564 - Starting DemoApplication using Java 1.8.0_45 on LAPTOP-VH4VGU5A with PID 5584 (D:\mybatis\demo2\target\classes started by 12094 in D:\mybatis\demo2)
[INFO]2022-07-07 14:45:45,564 - No active profile set, falling back to 1 default profile: "default"
[INFO]2022-07-07 14:45:45,762 - Tomcat initialized with port(s): 8080 (http)
[INFO]2022-07-07 14:45:45,762 - Loaded Apache Tomcat Native library [1.2.32] using APR version [1.7.0].
[INFO]2022-07-07 14:45:45,762 - APR capabilities: IPv6 [true], sendfile [true], accept filters [false], random [true], UDS [true].
[INFO]2022-07-07 14:45:45,762 - APR/OpenSSL configuration: useAprConnector [false], useOpenSSL [true]
[INFO]2022-07-07 14:45:45,762 - OpenSSL successfully initialized [OpenSSL 1.1.1n  15 Mar 2022]
[INFO]2022-07-07 14:45:45,763 - Initializing ProtocolHandler ["http-nio-8080"]
[INFO]2022-07-07 14:45:45,763 - Starting service [Tomcat]
[INFO]2022-07-07 14:45:45,763 - Starting Servlet engine: [Apache Tomcat/9.0.64]
[INFO]2022-07-07 14:45:45,831 - Initializing Spring embedded WebApplicationContext
[INFO]2022-07-07 14:45:45,831 - Root WebApplicationContext: initialization completed in 265 ms
[INFO]2022-07-07 14:45:45,952 - Adding welcome page template: index
[INFO]2022-07-07 14:45:46,035 - LiveReload server is running on port 35729
[INFO]2022-07-07 14:45:46,042 - Starting ProtocolHandler ["http-nio-8080"]
[INFO]2022-07-07 14:45:46,046 - Tomcat started on port(s): 8080 (http) with context path ''
[INFO]2022-07-07 14:45:46,060 - Started DemoApplication in 0.522 seconds (JVM running for 85.963)
[INFO]2022-07-07 14:45:46,061 - Condition evaluation unchanged
[INFO]2022-07-07 14:45:48,234 - Starting DemoApplication using Java 1.8.0_45 on LAPTOP-VH4VGU5A with PID 5584 (D:\mybatis\demo2\target\classes started by 12094 in D:\mybatis\demo2)
[INFO]2022-07-07 14:45:48,234 - No active profile set, falling back to 1 default profile: "default"
[INFO]2022-07-07 14:45:48,495 - Tomcat initialized with port(s): 8080 (http)
[INFO]2022-07-07 14:45:48,495 - Loaded Apache Tomcat Native library [1.2.32] using APR version [1.7.0].
[INFO]2022-07-07 14:45:48,495 - APR capabilities: IPv6 [true], sendfile [true], accept filters [false], random [true], UDS [true].
[INFO]2022-07-07 14:45:48,495 - APR/OpenSSL configuration: useAprConnector [false], useOpenSSL [true]
[INFO]2022-07-07 14:45:48,496 - OpenSSL successfully initialized [OpenSSL 1.1.1n  15 Mar 2022]
[INFO]2022-07-07 14:45:48,496 - Initializing ProtocolHandler ["http-nio-8080"]
[INFO]2022-07-07 14:45:48,496 - Starting service [Tomcat]
[INFO]2022-07-07 14:45:48,496 - Starting Servlet engine: [Apache Tomcat/9.0.64]
[INFO]2022-07-07 14:45:48,565 - Initializing Spring embedded WebApplicationContext
[INFO]2022-07-07 14:45:48,566 - Root WebApplicationContext: initialization completed in 329 ms
[INFO]2022-07-07 14:45:48,694 - Adding welcome page template: index
[INFO]2022-07-07 14:45:48,776 - LiveReload server is running on port 35729
[INFO]2022-07-07 14:45:48,781 - Starting ProtocolHandler ["http-nio-8080"]
[INFO]2022-07-07 14:45:48,784 - Tomcat started on port(s): 8080 (http) with context path ''
[INFO]2022-07-07 14:45:48,806 - Started DemoApplication in 0.603 seconds (JVM running for 88.709)
[INFO]2022-07-07 14:45:48,807 - Condition evaluation unchanged
[INFO]2022-07-07 14:45:50,867 - Starting DemoApplication using Java 1.8.0_45 on LAPTOP-VH4VGU5A with PID 5584 (D:\mybatis\demo2\target\classes started by 12094 in D:\mybatis\demo2)
[INFO]2022-07-07 14:45:50,868 - No active profile set, falling back to 1 default profile: "default"
[INFO]2022-07-07 14:45:51,177 - Tomcat initialized with port(s): 8080 (http)
[INFO]2022-07-07 14:45:51,177 - Loaded Apache Tomcat Native library [1.2.32] using APR version [1.7.0].
[INFO]2022-07-07 14:45:51,177 - APR capabilities: IPv6 [true], sendfile [true], accept filters [false], random [true], UDS [true].
[INFO]2022-07-07 14:45:51,177 - APR/OpenSSL configuration: useAprConnector [false], useOpenSSL [true]
[INFO]2022-07-07 14:45:51,177 - OpenSSL successfully initialized [OpenSSL 1.1.1n  15 Mar 2022]
[INFO]2022-07-07 14:45:51,178 - Initializing ProtocolHandler ["http-nio-8080"]
[INFO]2022-07-07 14:45:51,178 - Starting service [Tomcat]
[INFO]2022-07-07 14:45:51,178 - Starting Servlet engine: [Apache Tomcat/9.0.64]
[INFO]2022-07-07 14:45:51,237 - Initializing Spring embedded WebApplicationContext
[INFO]2022-07-07 14:45:51,237 - Root WebApplicationContext: initialization completed in 368 ms
[INFO]2022-07-07 14:45:51,377 - Adding welcome page template: index
[INFO]2022-07-07 14:45:51,458 - LiveReload server is running on port 35729
[INFO]2022-07-07 14:45:51,471 - Starting ProtocolHandler ["http-nio-8080"]
[INFO]2022-07-07 14:45:51,475 - Tomcat started on port(s): 8080 (http) with context path ''
[INFO]2022-07-07 14:45:51,495 - Started DemoApplication in 0.653 seconds (JVM running for 91.398)
[INFO]2022-07-07 14:45:51,496 - Condition evaluation unchanged
[INFO]2022-07-07 14:46:25,451 - Starting DemoApplication using Java 1.8.0_45 on LAPTOP-VH4VGU5A with PID 5584 (D:\mybatis\demo2\target\classes started by 12094 in D:\mybatis\demo2)
[INFO]2022-07-07 14:46:25,451 - No active profile set, falling back to 1 default profile: "default"
[INFO]2022-07-07 14:46:25,841 - Tomcat initialized with port(s): 8080 (http)
[INFO]2022-07-07 14:46:25,841 - Loaded Apache Tomcat Native library [1.2.32] using APR version [1.7.0].
[INFO]2022-07-07 14:46:25,841 - APR capabilities: IPv6 [true], sendfile [true], accept filters [false], random [true], UDS [true].
[INFO]2022-07-07 14:46:25,841 - APR/OpenSSL configuration: useAprConnector [false], useOpenSSL [true]
[INFO]2022-07-07 14:46:25,841 - OpenSSL successfully initialized [OpenSSL 1.1.1n  15 Mar 2022]
[INFO]2022-07-07 14:46:25,842 - Initializing ProtocolHandler ["http-nio-8080"]
[INFO]2022-07-07 14:46:25,842 - Starting service [Tomcat]
[INFO]2022-07-07 14:46:25,842 - Starting Servlet engine: [Apache Tomcat/9.0.64]
[INFO]2022-07-07 14:46:25,925 - Initializing Spring embedded WebApplicationContext
[INFO]2022-07-07 14:46:25,925 - Root WebApplicationContext: initialization completed in 472 ms
[INFO]2022-07-07 14:46:26,058 - Adding welcome page template: index
[INFO]2022-07-07 14:46:26,141 - LiveReload server is running on port 35729
[INFO]2022-07-07 14:46:26,153 - Starting ProtocolHandler ["http-nio-8080"]
[INFO]2022-07-07 14:46:26,157 - Tomcat started on port(s): 8080 (http) with context path ''
[INFO]2022-07-07 14:46:26,172 - Started DemoApplication in 0.751 seconds (JVM running for 126.075)
[INFO]2022-07-07 14:46:26,173 - Condition evaluation unchanged
[INFO]2022-07-07 14:46:28,395 - Starting DemoApplication using Java 1.8.0_45 on LAPTOP-VH4VGU5A with PID 5584 (D:\mybatis\demo2\target\classes started by 12094 in D:\mybatis\demo2)
[INFO]2022-07-07 14:46:28,395 - No active profile set, falling back to 1 default profile: "default"
[INFO]2022-07-07 14:46:28,652 - Tomcat initialized with port(s): 8080 (http)
[INFO]2022-07-07 14:46:28,652 - Loaded Apache Tomcat Native library [1.2.32] using APR version [1.7.0].
[INFO]2022-07-07 14:46:28,653 - APR capabilities: IPv6 [true], sendfile [true], accept filters [false], random [true], UDS [true].
[INFO]2022-07-07 14:46:28,653 - APR/OpenSSL configuration: useAprConnector [false], useOpenSSL [true]
[INFO]2022-07-07 14:46:28,653 - OpenSSL successfully initialized [OpenSSL 1.1.1n  15 Mar 2022]
[INFO]2022-07-07 14:46:28,653 - Initializing ProtocolHandler ["http-nio-8080"]
[INFO]2022-07-07 14:46:28,654 - Starting service [Tomcat]
[INFO]2022-07-07 14:46:28,654 - Starting Servlet engine: [Apache Tomcat/9.0.64]
[INFO]2022-07-07 14:46:28,738 - Initializing Spring embedded WebApplicationContext
[INFO]2022-07-07 14:46:28,738 - Root WebApplicationContext: initialization completed in 341 ms
[INFO]2022-07-07 14:46:28,890 - Adding welcome page template: index
[INFO]2022-07-07 14:46:28,970 - LiveReload server is running on port 35729
[INFO]2022-07-07 14:46:28,981 - Starting ProtocolHandler ["http-nio-8080"]
[INFO]2022-07-07 14:46:28,986 - Tomcat started on port(s): 8080 (http) with context path ''
[INFO]2022-07-07 14:46:29,001 - Started DemoApplication in 0.63 seconds (JVM running for 128.904)
[INFO]2022-07-07 14:46:29,003 - Condition evaluation unchanged
[INFO]2022-07-07 14:46:29,872 - Initializing Spring DispatcherServlet 'dispatcherServlet'
[INFO]2022-07-07 14:46:29,873 - Initializing Servlet 'dispatcherServlet'
[INFO]2022-07-07 14:46:29,873 - Completed initialization in 0 ms
[INFO]2022-07-07 14:46:31,220 - Starting DemoApplication using Java 1.8.0_45 on LAPTOP-VH4VGU5A with PID 5584 (D:\mybatis\demo2\target\classes started by 12094 in D:\mybatis\demo2)
[INFO]2022-07-07 14:46:31,220 - No active profile set, falling back to 1 default profile: "default"
[INFO]2022-07-07 14:46:31,569 - Tomcat initialized with port(s): 8080 (http)
[INFO]2022-07-07 14:46:31,569 - Loaded Apache Tomcat Native library [1.2.32] using APR version [1.7.0].
[INFO]2022-07-07 14:46:31,569 - APR capabilities: IPv6 [true], sendfile [true], accept filters [false], random [true], UDS [true].
[INFO]2022-07-07 14:46:31,569 - APR/OpenSSL configuration: useAprConnector [false], useOpenSSL [true]
[INFO]2022-07-07 14:46:31,569 - OpenSSL successfully initialized [OpenSSL 1.1.1n  15 Mar 2022]
[INFO]2022-07-07 14:46:31,570 - Initializing ProtocolHandler ["http-nio-8080"]
[INFO]2022-07-07 14:46:31,570 - Starting service [Tomcat]
[INFO]2022-07-07 14:46:31,570 - Starting Servlet engine: [Apache Tomcat/9.0.64]
[INFO]2022-07-07 14:46:31,654 - Initializing Spring embedded WebApplicationContext
[INFO]2022-07-07 14:46:31,654 - Root WebApplicationContext: initialization completed in 432 ms
[INFO]2022-07-07 14:46:31,869 - Adding welcome page template: index
[INFO]2022-07-07 14:46:31,966 - LiveReload server is running on port 35729
[INFO]2022-07-07 14:46:31,975 - Starting ProtocolHandler ["http-nio-8080"]
[INFO]2022-07-07 14:46:31,979 - Tomcat started on port(s): 8080 (http) with context path ''
[INFO]2022-07-07 14:46:32,003 - Started DemoApplication in 0.805 seconds (JVM running for 131.907)
[INFO]2022-07-07 14:46:32,004 - Condition evaluation unchanged
[INFO]2022-07-07 14:46:43,114 - Starting DemoApplication using Java 1.8.0_45 on LAPTOP-VH4VGU5A with PID 10896 (D:\mybatis\demo2\target\classes started by 12094 in D:\mybatis\demo2)
[INFO]2022-07-07 14:46:43,115 - No active profile set, falling back to 1 default profile: "default"
[INFO]2022-07-07 14:46:43,169 - Devtools property defaults active! Set 'spring.devtools.add-properties' to 'false' to disable
[INFO]2022-07-07 14:46:43,169 - For additional web related logging consider setting the 'logging.level.web' property to 'DEBUG'
[INFO]2022-07-07 14:46:44,330 - Tomcat initialized with port(s): 8080 (http)
[INFO]2022-07-07 14:46:44,332 - Loaded Apache Tomcat Native library [1.2.32] using APR version [1.7.0].
[INFO]2022-07-07 14:46:44,332 - APR capabilities: IPv6 [true], sendfile [true], accept filters [false], random [true], UDS [true].
[INFO]2022-07-07 14:46:44,332 - APR/OpenSSL configuration: useAprConnector [false], useOpenSSL [true]
[INFO]2022-07-07 14:46:44,337 - OpenSSL successfully initialized [OpenSSL 1.1.1n  15 Mar 2022]
[INFO]2022-07-07 14:46:44,345 - Initializing ProtocolHandler ["http-nio-8080"]
[INFO]2022-07-07 14:46:44,346 - Starting service [Tomcat]
[INFO]2022-07-07 14:46:44,346 - Starting Servlet engine: [Apache Tomcat/9.0.64]
[INFO]2022-07-07 14:46:44,756 - Initializing Spring embedded WebApplicationContext
[INFO]2022-07-07 14:46:44,756 - Root WebApplicationContext: initialization completed in 1586 ms
[INFO]2022-07-07 14:46:45,417 - Adding welcome page template: index
[INFO]2022-07-07 14:46:45,558 - LiveReload server is running on port 35729
[INFO]2022-07-07 14:46:45,569 - Starting ProtocolHandler ["http-nio-8080"]
[INFO]2022-07-07 14:46:45,591 - Tomcat started on port(s): 8080 (http) with context path ''
[INFO]2022-07-07 14:46:45,620 - Started DemoApplication in 2.99 seconds (JVM running for 5.464)
[INFO]2022-07-07 14:46:48,559 - Initializing Spring DispatcherServlet 'dispatcherServlet'
[INFO]2022-07-07 14:46:48,559 - Initializing Servlet 'dispatcherServlet'
[INFO]2022-07-07 14:46:48,560 - Completed initialization in 1 ms
[INFO]2022-07-07 14:48:03,584 - Starting DemoApplication using Java 1.8.0_45 on LAPTOP-VH4VGU5A with PID 22452 (D:\mybatis\demo2\target\classes started by 12094 in D:\mybatis\demo2)
[INFO]2022-07-07 14:48:03,585 - No active profile set, falling back to 1 default profile: "default"
[INFO]2022-07-07 14:48:03,630 - Devtools property defaults active! Set 'spring.devtools.add-properties' to 'false' to disable
[INFO]2022-07-07 14:48:03,630 - For additional web related logging consider setting the 'logging.level.web' property to 'DEBUG'
[INFO]2022-07-07 14:48:04,850 - Tomcat initialized with port(s): 8080 (http)
[INFO]2022-07-07 14:48:04,851 - Loaded Apache Tomcat Native library [1.2.32] using APR version [1.7.0].
[INFO]2022-07-07 14:48:04,851 - APR capabilities: IPv6 [true], sendfile [true], accept filters [false], random [true], UDS [true].
[INFO]2022-07-07 14:48:04,851 - APR/OpenSSL configuration: useAprConnector [false], useOpenSSL [true]
[INFO]2022-07-07 14:48:04,855 - OpenSSL successfully initialized [OpenSSL 1.1.1n  15 Mar 2022]
[INFO]2022-07-07 14:48:04,862 - Initializing ProtocolHandler ["http-nio-8080"]
[INFO]2022-07-07 14:48:04,862 - Starting service [Tomcat]
[INFO]2022-07-07 14:48:04,862 - Starting Servlet engine: [Apache Tomcat/9.0.64]
[INFO]2022-07-07 14:48:05,209 - Initializing Spring embedded WebApplicationContext
[INFO]2022-07-07 14:48:05,210 - Root WebApplicationContext: initialization completed in 1580 ms
[INFO]2022-07-07 14:48:05,742 - Adding welcome page template: index
[INFO]2022-07-07 14:48:05,954 - LiveReload server is running on port 35729
[INFO]2022-07-07 14:48:05,970 - Starting ProtocolHandler ["http-nio-8080"]
[INFO]2022-07-07 14:48:05,995 - Tomcat started on port(s): 8080 (http) with context path ''
[INFO]2022-07-07 14:48:06,041 - Started DemoApplication in 2.936 seconds (JVM running for 4.983)
[INFO]2022-07-07 14:48:09,435 - Initializing Spring DispatcherServlet 'dispatcherServlet'
[INFO]2022-07-07 14:48:09,435 - Initializing Servlet 'dispatcherServlet'
[INFO]2022-07-07 14:48:09,436 - Completed initialization in 1 ms
[INFO]2022-07-07 14:49:24,019 - Starting DemoApplication using Java 1.8.0_45 on LAPTOP-VH4VGU5A with PID 20420 (D:\mybatis\demo2\target\classes started by 12094 in D:\mybatis\demo2)
[INFO]2022-07-07 14:49:24,020 - No active profile set, falling back to 1 default profile: "default"
[INFO]2022-07-07 14:49:24,062 - Devtools property defaults active! Set 'spring.devtools.add-properties' to 'false' to disable
[INFO]2022-07-07 14:49:24,063 - For additional web related logging consider setting the 'logging.level.web' property to 'DEBUG'
[INFO]2022-07-07 14:49:25,117 - Tomcat initialized with port(s): 8080 (http)
[INFO]2022-07-07 14:49:25,119 - Loaded Apache Tomcat Native library [1.2.32] using APR version [1.7.0].
[INFO]2022-07-07 14:49:25,119 - APR capabilities: IPv6 [true], sendfile [true], accept filters [false], random [true], UDS [true].
[INFO]2022-07-07 14:49:25,119 - APR/OpenSSL configuration: useAprConnector [false], useOpenSSL [true]
[INFO]2022-07-07 14:49:25,122 - OpenSSL successfully initialized [OpenSSL 1.1.1n  15 Mar 2022]
[INFO]2022-07-07 14:49:25,130 - Initializing ProtocolHandler ["http-nio-8080"]
[INFO]2022-07-07 14:49:25,131 - Starting service [Tomcat]
[INFO]2022-07-07 14:49:25,131 - Starting Servlet engine: [Apache Tomcat/9.0.64]
[INFO]2022-07-07 14:49:25,456 - Initializing Spring embedded WebApplicationContext
[INFO]2022-07-07 14:49:25,456 - Root WebApplicationContext: initialization completed in 1393 ms
[INFO]2022-07-07 14:49:26,004 - Adding welcome page template: index
[INFO]2022-07-07 14:49:26,181 - LiveReload server is running on port 35729
[INFO]2022-07-07 14:49:26,193 - Starting ProtocolHandler ["http-nio-8080"]
[INFO]2022-07-07 14:49:26,211 - Tomcat started on port(s): 8080 (http) with context path ''
[INFO]2022-07-07 14:49:26,246 - Started DemoApplication in 2.599 seconds (JVM running for 4.243)
[INFO]2022-07-07 14:49:30,593 - Initializing Spring DispatcherServlet 'dispatcherServlet'
[INFO]2022-07-07 14:49:30,594 - Initializing Servlet 'dispatcherServlet'
[INFO]2022-07-07 14:49:30,596 - Completed initialization in 2 ms
[INFO]2022-07-07 14:49:34,642 - HikariPool-1 - Starting...
[INFO]2022-07-07 14:49:34,731 - HikariPool-1 - Start completed.
[INFO]2022-07-07 20:10:05,522 - Starting DemoApplication using Java 1.8.0_45 on LAPTOP-VH4VGU5A with PID 34944 (D:\mybatis\demo2\target\classes started by 12094 in D:\mybatis\demo2)
[INFO]2022-07-07 20:10:05,523 - No active profile set, falling back to 1 default profile: "default"
[INFO]2022-07-07 20:10:05,568 - Devtools property defaults active! Set 'spring.devtools.add-properties' to 'false' to disable
[INFO]2022-07-07 20:10:05,568 - For additional web related logging consider setting the 'logging.level.web' property to 'DEBUG'
[INFO]2022-07-07 20:10:06,665 - Tomcat initialized with port(s): 8080 (http)
[INFO]2022-07-07 20:10:06,666 - Loaded Apache Tomcat Native library [1.2.32] using APR version [1.7.0].
[INFO]2022-07-07 20:10:06,666 - APR capabilities: IPv6 [true], sendfile [true], accept filters [false], random [true], UDS [true].
[INFO]2022-07-07 20:10:06,666 - APR/OpenSSL configuration: useAprConnector [false], useOpenSSL [true]
[INFO]2022-07-07 20:10:06,670 - OpenSSL successfully initialized [OpenSSL 1.1.1n  15 Mar 2022]
[INFO]2022-07-07 20:10:06,678 - Initializing ProtocolHandler ["http-nio-8080"]
[INFO]2022-07-07 20:10:06,678 - Starting service [Tomcat]
[INFO]2022-07-07 20:10:06,678 - Starting Servlet engine: [Apache Tomcat/9.0.64]
[INFO]2022-07-07 20:10:06,994 - Initializing Spring embedded WebApplicationContext
[INFO]2022-07-07 20:10:06,994 - Root WebApplicationContext: initialization completed in 1425 ms
[INFO]2022-07-07 20:10:07,543 - Adding welcome page template: index
[INFO]2022-07-07 20:10:07,753 - LiveReload server is running on port 35729
[INFO]2022-07-07 20:10:07,767 - Starting ProtocolHandler ["http-nio-8080"]
[WARN]2022-07-07 20:10:07,774 - Exception encountered during context initialization - cancelling refresh attempt: org.springframework.context.ApplicationContextException: Failed to start bean 'webServerStartStop'; nested exception is org.springframework.boot.web.server.PortInUseException: Port 8080 is already in use
[INFO]2022-07-07 20:10:07,779 - Pausing ProtocolHandler ["http-nio-8080"]
[INFO]2022-07-07 20:10:07,779 - Stopping service [Tomcat]
[INFO]2022-07-07 20:10:07,783 - Stopping ProtocolHandler ["http-nio-8080"]
[INFO]2022-07-07 20:10:07,784 - Destroying ProtocolHandler ["http-nio-8080"]
[ERROR]2022-07-07 20:10:07,839 - 

***************************
APPLICATION FAILED TO START
***************************

Description:

Web server failed to start. Port 8080 was already in use.

Action:

Identify and stop the process that's listening on port 8080 or configure this application to listen on another port.

[INFO]2022-07-07 20:10:30,605 - Starting DemoApplication using Java 1.8.0_45 on LAPTOP-VH4VGU5A with PID 34848 (D:\mybatis\demo2\target\classes started by 12094 in D:\mybatis\demo2)
[INFO]2022-07-07 20:10:30,606 - No active profile set, falling back to 1 default profile: "default"
[INFO]2022-07-07 20:10:30,655 - Devtools property defaults active! Set 'spring.devtools.add-properties' to 'false' to disable
[INFO]2022-07-07 20:10:30,655 - For additional web related logging consider setting the 'logging.level.web' property to 'DEBUG'
[INFO]2022-07-07 20:10:31,897 - Tomcat initialized with port(s): 8023 (http)
[INFO]2022-07-07 20:10:31,897 - Loaded Apache Tomcat Native library [1.2.32] using APR version [1.7.0].
[INFO]2022-07-07 20:10:31,898 - APR capabilities: IPv6 [true], sendfile [true], accept filters [false], random [true], UDS [true].
[INFO]2022-07-07 20:10:31,898 - APR/OpenSSL configuration: useAprConnector [false], useOpenSSL [true]
[INFO]2022-07-07 20:10:31,901 - OpenSSL successfully initialized [OpenSSL 1.1.1n  15 Mar 2022]
[INFO]2022-07-07 20:10:31,908 - Initializing ProtocolHandler ["http-nio-8023"]
[INFO]2022-07-07 20:10:31,909 - Starting service [Tomcat]
[INFO]2022-07-07 20:10:31,909 - Starting Servlet engine: [Apache Tomcat/9.0.64]
[INFO]2022-07-07 20:10:32,270 - Initializing Spring embedded WebApplicationContext
[INFO]2022-07-07 20:10:32,270 - Root WebApplicationContext: initialization completed in 1614 ms
[INFO]2022-07-07 20:10:32,858 - Adding welcome page template: index
[INFO]2022-07-07 20:10:33,021 - LiveReload server is running on port 35729
[INFO]2022-07-07 20:10:33,033 - Starting ProtocolHandler ["http-nio-8023"]
[INFO]2022-07-07 20:10:33,052 - Tomcat started on port(s): 8023 (http) with context path ''
[INFO]2022-07-07 20:10:33,082 - Started DemoApplication in 2.872 seconds (JVM running for 4.623)
[INFO]2022-07-07 20:12:25,743 - Initializing Spring DispatcherServlet 'dispatcherServlet'
[INFO]2022-07-07 20:12:25,743 - Initializing Servlet 'dispatcherServlet'
[INFO]2022-07-07 20:12:25,744 - Completed initialization in 1 ms
[INFO]2022-07-07 20:15:11,001 - HikariPool-1 - Starting...
[INFO]2022-07-07 20:15:11,148 - HikariPool-1 - Start completed.
[WARN]2022-07-07 20:15:11,175 - Resolved [java.lang.IllegalArgumentException: Result Maps collection does not contain value for com.test.demo.dao.DocDao.DocMap]
[WARN]2022-07-07 20:15:18,872 - Resolved [java.lang.IllegalArgumentException: Result Maps collection does not contain value for com.test.demo.dao.DocDao.DocMap]
[INFO]2022-07-07 20:16:15,419 - Starting DemoApplication using Java 1.8.0_45 on LAPTOP-VH4VGU5A with PID 33344 (D:\mybatis\demo2\target\classes started by 12094 in D:\mybatis\demo2)
[INFO]2022-07-07 20:16:15,420 - No active profile set, falling back to 1 default profile: "default"
[INFO]2022-07-07 20:16:15,467 - Devtools property defaults active! Set 'spring.devtools.add-properties' to 'false' to disable
[INFO]2022-07-07 20:16:15,468 - For additional web related logging consider setting the 'logging.level.web' property to 'DEBUG'
[INFO]2022-07-07 20:16:16,540 - Tomcat initialized with port(s): 8023 (http)
[INFO]2022-07-07 20:16:16,541 - Loaded Apache Tomcat Native library [1.2.32] using APR version [1.7.0].
[INFO]2022-07-07 20:16:16,541 - APR capabilities: IPv6 [true], sendfile [true], accept filters [false], random [true], UDS [true].
[INFO]2022-07-07 20:16:16,541 - APR/OpenSSL configuration: useAprConnector [false], useOpenSSL [true]
[INFO]2022-07-07 20:16:16,544 - OpenSSL successfully initialized [OpenSSL 1.1.1n  15 Mar 2022]
[INFO]2022-07-07 20:16:16,551 - Initializing ProtocolHandler ["http-nio-8023"]
[INFO]2022-07-07 20:16:16,552 - Starting service [Tomcat]
[INFO]2022-07-07 20:16:16,552 - Starting Servlet engine: [Apache Tomcat/9.0.64]
[INFO]2022-07-07 20:16:16,881 - Initializing Spring embedded WebApplicationContext
[INFO]2022-07-07 20:16:16,882 - Root WebApplicationContext: initialization completed in 1414 ms
[INFO]2022-07-07 20:16:17,405 - Adding welcome page template: index
[INFO]2022-07-07 20:16:17,545 - LiveReload server is running on port 35729
[INFO]2022-07-07 20:16:17,555 - Starting ProtocolHandler ["http-nio-8023"]
[INFO]2022-07-07 20:16:17,572 - Tomcat started on port(s): 8023 (http) with context path ''
[INFO]2022-07-07 20:16:17,611 - Started DemoApplication in 2.571 seconds (JVM running for 4.307)
[INFO]2022-07-07 20:16:21,760 - Initializing Spring DispatcherServlet 'dispatcherServlet'
[INFO]2022-07-07 20:16:21,760 - Initializing Servlet 'dispatcherServlet'
[INFO]2022-07-07 20:16:21,762 - Completed initialization in 2 ms
[INFO]2022-07-07 20:16:21,946 - HikariPool-1 - Starting...
[INFO]2022-07-07 20:16:22,107 - HikariPool-1 - Start completed.
[WARN]2022-07-07 20:16:22,163 - Resolved [java.lang.IllegalArgumentException: Result Maps collection does not contain value for com.test.demo.dao.DocDao.DocMap]
[INFO]2022-07-07 20:28:35,412 - Starting DemoApplication using Java 1.8.0_45 on LAPTOP-VH4VGU5A with PID 32180 (D:\mybatis\demo2\target\classes started by 12094 in D:\mybatis\demo2)
[INFO]2022-07-07 20:28:35,413 - No active profile set, falling back to 1 default profile: "default"
[INFO]2022-07-07 20:28:35,457 - Devtools property defaults active! Set 'spring.devtools.add-properties' to 'false' to disable
[INFO]2022-07-07 20:28:35,457 - For additional web related logging consider setting the 'logging.level.web' property to 'DEBUG'
[INFO]2022-07-07 20:28:36,529 - Tomcat initialized with port(s): 8023 (http)
[INFO]2022-07-07 20:28:36,530 - Loaded Apache Tomcat Native library [1.2.32] using APR version [1.7.0].
[INFO]2022-07-07 20:28:36,530 - APR capabilities: IPv6 [true], sendfile [true], accept filters [false], random [true], UDS [true].
[INFO]2022-07-07 20:28:36,530 - APR/OpenSSL configuration: useAprConnector [false], useOpenSSL [true]
[INFO]2022-07-07 20:28:36,534 - OpenSSL successfully initialized [OpenSSL 1.1.1n  15 Mar 2022]
[INFO]2022-07-07 20:28:36,541 - Initializing ProtocolHandler ["http-nio-8023"]
[INFO]2022-07-07 20:28:36,541 - Starting service [Tomcat]
[INFO]2022-07-07 20:28:36,541 - Starting Servlet engine: [Apache Tomcat/9.0.64]
[INFO]2022-07-07 20:28:36,850 - Initializing Spring embedded WebApplicationContext
[INFO]2022-07-07 20:28:36,850 - Root WebApplicationContext: initialization completed in 1393 ms
[INFO]2022-07-07 20:28:37,351 - Adding welcome page template: index
[INFO]2022-07-07 20:28:37,494 - LiveReload server is running on port 35729
[INFO]2022-07-07 20:28:37,505 - Starting ProtocolHandler ["http-nio-8023"]
[INFO]2022-07-07 20:28:37,525 - Tomcat started on port(s): 8023 (http) with context path ''
[INFO]2022-07-07 20:28:37,557 - Started DemoApplication in 2.54 seconds (JVM running for 4.291)
[INFO]2022-07-07 20:44:36,145 - Starting DemoApplication using Java 1.8.0_45 on LAPTOP-VH4VGU5A with PID 34084 (D:\mybatis\demo2\target\classes started by 12094 in D:\mybatis\demo2)
[INFO]2022-07-07 20:44:36,146 - No active profile set, falling back to 1 default profile: "default"
[INFO]2022-07-07 20:44:36,197 - Devtools property defaults active! Set 'spring.devtools.add-properties' to 'false' to disable
[INFO]2022-07-07 20:44:36,197 - For additional web related logging consider setting the 'logging.level.web' property to 'DEBUG'
[INFO]2022-07-07 20:44:37,481 - Tomcat initialized with port(s): 8023 (http)
[INFO]2022-07-07 20:44:37,482 - Loaded Apache Tomcat Native library [1.2.32] using APR version [1.7.0].
[INFO]2022-07-07 20:44:37,482 - APR capabilities: IPv6 [true], sendfile [true], accept filters [false], random [true], UDS [true].
[INFO]2022-07-07 20:44:37,482 - APR/OpenSSL configuration: useAprConnector [false], useOpenSSL [true]
[INFO]2022-07-07 20:44:37,486 - OpenSSL successfully initialized [OpenSSL 1.1.1n  15 Mar 2022]
[INFO]2022-07-07 20:44:37,495 - Initializing ProtocolHandler ["http-nio-8023"]
[INFO]2022-07-07 20:44:37,496 - Starting service [Tomcat]
[INFO]2022-07-07 20:44:37,496 - Starting Servlet engine: [Apache Tomcat/9.0.64]
[INFO]2022-07-07 20:44:38,852 - Initializing Spring embedded WebApplicationContext
[INFO]2022-07-07 20:44:38,852 - Root WebApplicationContext: initialization completed in 2654 ms
[INFO]2022-07-07 20:44:39,422 - Adding welcome page template: index
[INFO]2022-07-07 20:44:39,584 - LiveReload server is running on port 35729
[INFO]2022-07-07 20:44:39,596 - Starting ProtocolHandler ["http-nio-8023"]
[INFO]2022-07-07 20:44:39,614 - Tomcat started on port(s): 8023 (http) with context path ''
[INFO]2022-07-07 20:44:39,643 - Started DemoApplication in 4.018 seconds (JVM running for 6.722)
[INFO]2022-07-07 20:51:00,097 - Starting DemoApplication using Java 1.8.0_45 on LAPTOP-VH4VGU5A with PID 36196 (D:\mybatis\demo2\target\classes started by 12094 in D:\mybatis\demo2)
[INFO]2022-07-07 20:51:00,099 - No active profile set, falling back to 1 default profile: "default"
[INFO]2022-07-07 20:51:00,151 - Devtools property defaults active! Set 'spring.devtools.add-properties' to 'false' to disable
[INFO]2022-07-07 20:51:00,151 - For additional web related logging consider setting the 'logging.level.web' property to 'DEBUG'
[INFO]2022-07-07 20:51:01,406 - Tomcat initialized with port(s): 8023 (http)
[INFO]2022-07-07 20:51:01,407 - Loaded Apache Tomcat Native library [1.2.32] using APR version [1.7.0].
[INFO]2022-07-07 20:51:01,407 - APR capabilities: IPv6 [true], sendfile [true], accept filters [false], random [true], UDS [true].
[INFO]2022-07-07 20:51:01,407 - APR/OpenSSL configuration: useAprConnector [false], useOpenSSL [true]
[INFO]2022-07-07 20:51:01,413 - OpenSSL successfully initialized [OpenSSL 1.1.1n  15 Mar 2022]
[INFO]2022-07-07 20:51:01,425 - Initializing ProtocolHandler ["http-nio-8023"]
[INFO]2022-07-07 20:51:01,426 - Starting service [Tomcat]
[INFO]2022-07-07 20:51:01,426 - Starting Servlet engine: [Apache Tomcat/9.0.64]
[INFO]2022-07-07 20:51:01,800 - Initializing Spring embedded WebApplicationContext
[INFO]2022-07-07 20:51:01,800 - Root WebApplicationContext: initialization completed in 1648 ms
[INFO]2022-07-07 20:51:02,441 - Adding welcome page template: index
[INFO]2022-07-07 20:51:02,653 - LiveReload server is running on port 35729
[INFO]2022-07-07 20:51:02,668 - Starting ProtocolHandler ["http-nio-8023"]
[INFO]2022-07-07 20:51:02,689 - Tomcat started on port(s): 8023 (http) with context path ''
[INFO]2022-07-07 20:51:02,724 - Started DemoApplication in 3.078 seconds (JVM running for 5.177)
[INFO]2022-07-07 20:54:03,940 - Starting DemoApplication using Java 1.8.0_45 on LAPTOP-VH4VGU5A with PID 36196 (D:\mybatis\demo2\target\classes started by 12094 in D:\mybatis\demo2)
[INFO]2022-07-07 20:54:03,940 - No active profile set, falling back to 1 default profile: "default"
[INFO]2022-07-07 20:54:04,300 - Tomcat initialized with port(s): 8023 (http)
[INFO]2022-07-07 20:54:04,301 - Loaded Apache Tomcat Native library [1.2.32] using APR version [1.7.0].
[INFO]2022-07-07 20:54:04,301 - APR capabilities: IPv6 [true], sendfile [true], accept filters [false], random [true], UDS [true].
[INFO]2022-07-07 20:54:04,301 - APR/OpenSSL configuration: useAprConnector [false], useOpenSSL [true]
[INFO]2022-07-07 20:54:04,301 - OpenSSL successfully initialized [OpenSSL 1.1.1n  15 Mar 2022]
[INFO]2022-07-07 20:54:04,302 - Initializing ProtocolHandler ["http-nio-8023"]
[INFO]2022-07-07 20:54:04,302 - Starting service [Tomcat]
[INFO]2022-07-07 20:54:04,302 - Starting Servlet engine: [Apache Tomcat/9.0.64]
[INFO]2022-07-07 20:54:04,386 - Initializing Spring embedded WebApplicationContext
[INFO]2022-07-07 20:54:04,386 - Root WebApplicationContext: initialization completed in 444 ms
[INFO]2022-07-07 20:54:04,572 - Adding welcome page template: index
[INFO]2022-07-07 20:54:04,662 - LiveReload server is running on port 35729
[INFO]2022-07-07 20:54:04,669 - Starting ProtocolHandler ["http-nio-8023"]
[INFO]2022-07-07 20:54:04,673 - Tomcat started on port(s): 8023 (http) with context path ''
[INFO]2022-07-07 20:54:04,704 - Started DemoApplication in 0.793 seconds (JVM running for 187.158)
[INFO]2022-07-07 20:54:04,707 - Condition evaluation unchanged
[INFO]2022-07-07 20:54:08,061 - Starting DemoApplication using Java 1.8.0_45 on LAPTOP-VH4VGU5A with PID 36196 (D:\mybatis\demo2\target\classes started by 12094 in D:\mybatis\demo2)
[INFO]2022-07-07 20:54:08,061 - No active profile set, falling back to 1 default profile: "default"
[INFO]2022-07-07 20:54:08,304 - Tomcat initialized with port(s): 8023 (http)
[INFO]2022-07-07 20:54:08,304 - Loaded Apache Tomcat Native library [1.2.32] using APR version [1.7.0].
[INFO]2022-07-07 20:54:08,304 - APR capabilities: IPv6 [true], sendfile [true], accept filters [false], random [true], UDS [true].
[INFO]2022-07-07 20:54:08,305 - APR/OpenSSL configuration: useAprConnector [false], useOpenSSL [true]
[INFO]2022-07-07 20:54:08,305 - OpenSSL successfully initialized [OpenSSL 1.1.1n  15 Mar 2022]
[INFO]2022-07-07 20:54:08,306 - Initializing ProtocolHandler ["http-nio-8023"]
[INFO]2022-07-07 20:54:08,306 - Starting service [Tomcat]
[INFO]2022-07-07 20:54:08,306 - Starting Servlet engine: [Apache Tomcat/9.0.64]
[INFO]2022-07-07 20:54:08,376 - Initializing Spring embedded WebApplicationContext
[INFO]2022-07-07 20:54:08,376 - Root WebApplicationContext: initialization completed in 312 ms
[INFO]2022-07-07 20:54:08,507 - Adding welcome page template: index
[INFO]2022-07-07 20:54:08,585 - LiveReload server is running on port 35729
[INFO]2022-07-07 20:54:08,590 - Starting ProtocolHandler ["http-nio-8023"]
[INFO]2022-07-07 20:54:08,592 - Tomcat started on port(s): 8023 (http) with context path ''
[INFO]2022-07-07 20:54:08,615 - Started DemoApplication in 0.587 seconds (JVM running for 191.07)
[INFO]2022-07-07 20:54:08,616 - Condition evaluation unchanged
[INFO]2022-07-07 20:54:44,778 - Starting DemoApplication using Java 1.8.0_45 on LAPTOP-VH4VGU5A with PID 36196 (D:\mybatis\demo2\target\classes started by 12094 in D:\mybatis\demo2)
[INFO]2022-07-07 20:54:44,778 - No active profile set, falling back to 1 default profile: "default"
[INFO]2022-07-07 20:54:45,182 - Tomcat initialized with port(s): 8023 (http)
[INFO]2022-07-07 20:54:45,183 - Loaded Apache Tomcat Native library [1.2.32] using APR version [1.7.0].
[INFO]2022-07-07 20:54:45,183 - APR capabilities: IPv6 [true], sendfile [true], accept filters [false], random [true], UDS [true].
[INFO]2022-07-07 20:54:45,183 - APR/OpenSSL configuration: useAprConnector [false], useOpenSSL [true]
[INFO]2022-07-07 20:54:45,183 - OpenSSL successfully initialized [OpenSSL 1.1.1n  15 Mar 2022]
[INFO]2022-07-07 20:54:45,184 - Initializing ProtocolHandler ["http-nio-8023"]
[INFO]2022-07-07 20:54:45,184 - Starting service [Tomcat]
[INFO]2022-07-07 20:54:45,184 - Starting Servlet engine: [Apache Tomcat/9.0.64]
[INFO]2022-07-07 20:54:45,248 - Initializing Spring embedded WebApplicationContext
[INFO]2022-07-07 20:54:45,248 - Root WebApplicationContext: initialization completed in 468 ms
[INFO]2022-07-07 20:54:45,366 - Adding welcome page template: index
[INFO]2022-07-07 20:54:45,439 - LiveReload server is running on port 35729
[INFO]2022-07-07 20:54:45,444 - Starting ProtocolHandler ["http-nio-8023"]
[INFO]2022-07-07 20:54:45,447 - Tomcat started on port(s): 8023 (http) with context path ''
[INFO]2022-07-07 20:54:45,467 - Started DemoApplication in 0.716 seconds (JVM running for 227.921)
[INFO]2022-07-07 20:54:45,468 - Condition evaluation unchanged
[INFO]2022-07-07 20:54:48,708 - Starting DemoApplication using Java 1.8.0_45 on LAPTOP-VH4VGU5A with PID 36196 (D:\mybatis\demo2\target\classes started by 12094 in D:\mybatis\demo2)
[INFO]2022-07-07 20:54:48,709 - No active profile set, falling back to 1 default profile: "default"
[INFO]2022-07-07 20:54:48,992 - Tomcat initialized with port(s): 8023 (http)
[INFO]2022-07-07 20:54:48,993 - Loaded Apache Tomcat Native library [1.2.32] using APR version [1.7.0].
[INFO]2022-07-07 20:54:48,993 - APR capabilities: IPv6 [true], sendfile [true], accept filters [false], random [true], UDS [true].
[INFO]2022-07-07 20:54:48,993 - APR/OpenSSL configuration: useAprConnector [false], useOpenSSL [true]
[INFO]2022-07-07 20:54:48,993 - OpenSSL successfully initialized [OpenSSL 1.1.1n  15 Mar 2022]
[INFO]2022-07-07 20:54:48,993 - Initializing ProtocolHandler ["http-nio-8023"]
[INFO]2022-07-07 20:54:48,994 - Starting service [Tomcat]
[INFO]2022-07-07 20:54:48,994 - Starting Servlet engine: [Apache Tomcat/9.0.64]
[INFO]2022-07-07 20:54:49,070 - Initializing Spring embedded WebApplicationContext
[INFO]2022-07-07 20:54:49,070 - Root WebApplicationContext: initialization completed in 357 ms
[INFO]2022-07-07 20:54:49,186 - Adding welcome page template: index
[INFO]2022-07-07 20:54:49,270 - LiveReload server is running on port 35729
[INFO]2022-07-07 20:54:49,274 - Starting ProtocolHandler ["http-nio-8023"]
[INFO]2022-07-07 20:54:49,276 - Tomcat started on port(s): 8023 (http) with context path ''
[INFO]2022-07-07 20:54:49,283 - Started DemoApplication in 0.619 seconds (JVM running for 231.737)
[INFO]2022-07-07 20:54:49,284 - Condition evaluation unchanged
[INFO]2022-07-07 20:58:19,830 - Initializing Spring DispatcherServlet 'dispatcherServlet'
[INFO]2022-07-07 20:58:19,830 - Initializing Servlet 'dispatcherServlet'
[INFO]2022-07-07 20:58:19,831 - Completed initialization in 1 ms
[INFO]2022-07-07 20:58:19,962 - HikariPool-1 - Starting...
[INFO]2022-07-07 20:58:20,115 - HikariPool-1 - Start completed.
[WARN]2022-07-07 20:58:20,156 - Resolved [java.lang.IllegalArgumentException: Result Maps collection does not contain value for com.test.demo.dao.DocDao.DocMap]
[WARN]2022-07-07 20:58:26,480 - Resolved [java.lang.IllegalArgumentException: Result Maps collection does not contain value for com.test.demo.dao.DocDao.DocMap]
[INFO]2022-07-07 21:01:57,258 - Starting DemoApplication using Java 1.8.0_45 on LAPTOP-VH4VGU5A with PID 36584 (D:\mybatis\demo2\target\classes started by 12094 in D:\mybatis\demo2)
[INFO]2022-07-07 21:01:57,259 - No active profile set, falling back to 1 default profile: "default"
[INFO]2022-07-07 21:01:57,308 - Devtools property defaults active! Set 'spring.devtools.add-properties' to 'false' to disable
[INFO]2022-07-07 21:01:57,308 - For additional web related logging consider setting the 'logging.level.web' property to 'DEBUG'
[INFO]2022-07-07 21:01:58,523 - Tomcat initialized with port(s): 8023 (http)
[INFO]2022-07-07 21:01:58,524 - Loaded Apache Tomcat Native library [1.2.32] using APR version [1.7.0].
[INFO]2022-07-07 21:01:58,524 - APR capabilities: IPv6 [true], sendfile [true], accept filters [false], random [true], UDS [true].
[INFO]2022-07-07 21:01:58,524 - APR/OpenSSL configuration: useAprConnector [false], useOpenSSL [true]
[INFO]2022-07-07 21:01:58,527 - OpenSSL successfully initialized [OpenSSL 1.1.1n  15 Mar 2022]
[INFO]2022-07-07 21:01:58,533 - Initializing ProtocolHandler ["http-nio-8023"]
[INFO]2022-07-07 21:01:58,533 - Starting service [Tomcat]
[INFO]2022-07-07 21:01:58,534 - Starting Servlet engine: [Apache Tomcat/9.0.64]
[INFO]2022-07-07 21:01:58,864 - Initializing Spring embedded WebApplicationContext
[INFO]2022-07-07 21:01:58,864 - Root WebApplicationContext: initialization completed in 1556 ms
[INFO]2022-07-07 21:01:59,431 - Adding welcome page template: index
[INFO]2022-07-07 21:01:59,579 - LiveReload server is running on port 35729
[INFO]2022-07-07 21:01:59,591 - Starting ProtocolHandler ["http-nio-8023"]
[INFO]2022-07-07 21:01:59,608 - Tomcat started on port(s): 8023 (http) with context path ''
[INFO]2022-07-07 21:01:59,637 - Started DemoApplication in 2.821 seconds (JVM running for 4.743)
[INFO]2022-07-07 21:08:22,770 - Starting DemoApplication using Java 1.8.0_45 on LAPTOP-VH4VGU5A with PID 36232 (D:\mybatis\demo2\target\classes started by 12094 in D:\mybatis\demo2)
[INFO]2022-07-07 21:08:22,771 - No active profile set, falling back to 1 default profile: "default"
[INFO]2022-07-07 21:08:22,810 - Devtools property defaults active! Set 'spring.devtools.add-properties' to 'false' to disable
[INFO]2022-07-07 21:08:22,811 - For additional web related logging consider setting the 'logging.level.web' property to 'DEBUG'
[INFO]2022-07-07 21:08:23,949 - Tomcat initialized with port(s): 8023 (http)
[INFO]2022-07-07 21:08:23,950 - Loaded Apache Tomcat Native library [1.2.32] using APR version [1.7.0].
[INFO]2022-07-07 21:08:23,950 - APR capabilities: IPv6 [true], sendfile [true], accept filters [false], random [true], UDS [true].
[INFO]2022-07-07 21:08:23,950 - APR/OpenSSL configuration: useAprConnector [false], useOpenSSL [true]
[INFO]2022-07-07 21:08:23,953 - OpenSSL successfully initialized [OpenSSL 1.1.1n  15 Mar 2022]
[INFO]2022-07-07 21:08:23,959 - Initializing ProtocolHandler ["http-nio-8023"]
[INFO]2022-07-07 21:08:23,959 - Starting service [Tomcat]
[INFO]2022-07-07 21:08:23,960 - Starting Servlet engine: [Apache Tomcat/9.0.64]
[INFO]2022-07-07 21:08:24,273 - Initializing Spring embedded WebApplicationContext
[INFO]2022-07-07 21:08:24,273 - Root WebApplicationContext: initialization completed in 1462 ms
[INFO]2022-07-07 21:08:24,767 - Adding welcome page template: index
[INFO]2022-07-07 21:08:24,922 - LiveReload server is running on port 35729
[INFO]2022-07-07 21:08:24,931 - Starting ProtocolHandler ["http-nio-8023"]
[INFO]2022-07-07 21:08:24,949 - Tomcat started on port(s): 8023 (http) with context path ''
[INFO]2022-07-07 21:08:24,990 - Started DemoApplication in 2.605 seconds (JVM running for 4.317)
[INFO]2022-07-07 21:15:58,458 - Starting DemoApplication using Java 1.8.0_45 on LAPTOP-VH4VGU5A with PID 37484 (D:\mybatis\vue-ssm2\demo2\target\classes started by 12094 in D:\mybatis\vue-ssm2\demo2)
[INFO]2022-07-07 21:15:58,461 - No active profile set, falling back to 1 default profile: "default"
[INFO]2022-07-07 21:15:58,526 - Devtools property defaults active! Set 'spring.devtools.add-properties' to 'false' to disable
[INFO]2022-07-07 21:15:58,526 - For additional web related logging consider setting the 'logging.level.web' property to 'DEBUG'
[INFO]2022-07-07 21:15:59,857 - Tomcat initialized with port(s): 8023 (http)
[INFO]2022-07-07 21:15:59,858 - Loaded Apache Tomcat Native library [1.2.32] using APR version [1.7.0].
[INFO]2022-07-07 21:15:59,858 - APR capabilities: IPv6 [true], sendfile [true], accept filters [false], random [true], UDS [true].
[INFO]2022-07-07 21:15:59,858 - APR/OpenSSL configuration: useAprConnector [false], useOpenSSL [true]
[INFO]2022-07-07 21:15:59,861 - OpenSSL successfully initialized [OpenSSL 1.1.1n  15 Mar 2022]
[INFO]2022-07-07 21:15:59,867 - Initializing ProtocolHandler ["http-nio-8023"]
[INFO]2022-07-07 21:15:59,868 - Starting service [Tomcat]
[INFO]2022-07-07 21:15:59,868 - Starting Servlet engine: [Apache Tomcat/9.0.64]
[INFO]2022-07-07 21:16:00,238 - Initializing Spring embedded WebApplicationContext
[INFO]2022-07-07 21:16:00,238 - Root WebApplicationContext: initialization completed in 1711 ms
[INFO]2022-07-07 21:16:00,884 - Adding welcome page template: index
[INFO]2022-07-07 21:16:01,180 - LiveReload server is running on port 35729
[INFO]2022-07-07 21:16:01,193 - Starting ProtocolHandler ["http-nio-8023"]
[INFO]2022-07-07 21:16:01,218 - Tomcat started on port(s): 8023 (http) with context path ''
[INFO]2022-07-07 21:16:01,265 - Started DemoApplication in 3.669 seconds (JVM running for 5.99)
[INFO]2022-07-07 21:28:12,459 - Starting DemoApplication using Java 1.8.0_45 on LAPTOP-VH4VGU5A with PID 36704 (D:\mybatis\vue-ssm2\demo2\target\classes started by 12094 in D:\mybatis\vue-ssm2\demo2)
[INFO]2022-07-07 21:28:12,460 - No active profile set, falling back to 1 default profile: "default"
[INFO]2022-07-07 21:28:12,529 - Devtools property defaults active! Set 'spring.devtools.add-properties' to 'false' to disable
[INFO]2022-07-07 21:28:12,529 - For additional web related logging consider setting the 'logging.level.web' property to 'DEBUG'
[INFO]2022-07-07 21:28:13,771 - Tomcat initialized with port(s): 8023 (http)
[INFO]2022-07-07 21:28:13,772 - Loaded Apache Tomcat Native library [1.2.32] using APR version [1.7.0].
[INFO]2022-07-07 21:28:13,772 - APR capabilities: IPv6 [true], sendfile [true], accept filters [false], random [true], UDS [true].
[INFO]2022-07-07 21:28:13,772 - APR/OpenSSL configuration: useAprConnector [false], useOpenSSL [true]
[INFO]2022-07-07 21:28:13,776 - OpenSSL successfully initialized [OpenSSL 1.1.1n  15 Mar 2022]
[INFO]2022-07-07 21:28:13,783 - Initializing ProtocolHandler ["http-nio-8023"]
[INFO]2022-07-07 21:28:13,784 - Starting service [Tomcat]
[INFO]2022-07-07 21:28:13,784 - Starting Servlet engine: [Apache Tomcat/9.0.64]
[INFO]2022-07-07 21:28:14,129 - Initializing Spring embedded WebApplicationContext
[INFO]2022-07-07 21:28:14,129 - Root WebApplicationContext: initialization completed in 1599 ms
[INFO]2022-07-07 21:28:14,901 - Adding welcome page template: index
[INFO]2022-07-07 21:28:15,143 - LiveReload server is running on port 35729
[INFO]2022-07-07 21:28:15,158 - Starting ProtocolHandler ["http-nio-8023"]
[INFO]2022-07-07 21:28:15,181 - Tomcat started on port(s): 8023 (http) with context path ''
[INFO]2022-07-07 21:28:15,218 - Started DemoApplication in 3.395 seconds (JVM running for 5.305)
[INFO]2022-07-07 21:32:50,163 - Initializing Spring DispatcherServlet 'dispatcherServlet'
[INFO]2022-07-07 21:32:50,163 - Initializing Servlet 'dispatcherServlet'
[INFO]2022-07-07 21:32:50,164 - Completed initialization in 1 ms
[INFO]2022-07-07 21:32:50,259 - HikariPool-1 - Starting...
[INFO]2022-07-07 21:32:50,361 - HikariPool-1 - Start completed.
[WARN]2022-07-07 21:32:50,397 - Resolved [java.lang.IllegalArgumentException: Result Maps collection does not contain value for com.test.demo.dao.DocDao.DocMap]
[INFO]2022-07-07 21:33:15,002 - Starting DemoApplication using Java 1.8.0_45 on LAPTOP-VH4VGU5A with PID 32680 (D:\mybatis\vue-ssm2\demo2\target\classes started by 12094 in D:\mybatis\vue-ssm2\demo2)
[INFO]2022-07-07 21:33:15,003 - No active profile set, falling back to 1 default profile: "default"
[INFO]2022-07-07 21:33:15,051 - Devtools property defaults active! Set 'spring.devtools.add-properties' to 'false' to disable
[INFO]2022-07-07 21:33:15,051 - For additional web related logging consider setting the 'logging.level.web' property to 'DEBUG'
[INFO]2022-07-07 21:33:16,288 - Tomcat initialized with port(s): 8023 (http)
[INFO]2022-07-07 21:33:16,290 - Loaded Apache Tomcat Native library [1.2.32] using APR version [1.7.0].
[INFO]2022-07-07 21:33:16,290 - APR capabilities: IPv6 [true], sendfile [true], accept filters [false], random [true], UDS [true].
[INFO]2022-07-07 21:33:16,290 - APR/OpenSSL configuration: useAprConnector [false], useOpenSSL [true]
[INFO]2022-07-07 21:33:16,293 - OpenSSL successfully initialized [OpenSSL 1.1.1n  15 Mar 2022]
[INFO]2022-07-07 21:33:16,300 - Initializing ProtocolHandler ["http-nio-8023"]
[INFO]2022-07-07 21:33:16,301 - Starting service [Tomcat]
[INFO]2022-07-07 21:33:16,301 - Starting Servlet engine: [Apache Tomcat/9.0.64]
[INFO]2022-07-07 21:33:16,678 - Initializing Spring embedded WebApplicationContext
[INFO]2022-07-07 21:33:16,678 - Root WebApplicationContext: initialization completed in 1627 ms
[INFO]2022-07-07 21:33:17,277 - Adding welcome page template: index
[INFO]2022-07-07 21:33:17,491 - LiveReload server is running on port 35729
[INFO]2022-07-07 21:33:17,511 - Starting ProtocolHandler ["http-nio-8023"]
[INFO]2022-07-07 21:33:17,535 - Tomcat started on port(s): 8023 (http) with context path ''
[INFO]2022-07-07 21:33:17,565 - Started DemoApplication in 3.016 seconds (JVM running for 5.077)
[INFO]2022-07-07 21:33:21,557 - Initializing Spring DispatcherServlet 'dispatcherServlet'
[INFO]2022-07-07 21:33:21,557 - Initializing Servlet 'dispatcherServlet'
[INFO]2022-07-07 21:33:21,560 - Completed initialization in 3 ms
[INFO]2022-07-07 21:33:21,675 - HikariPool-1 - Starting...
[INFO]2022-07-07 21:33:21,806 - HikariPool-1 - Start completed.
[WARN]2022-07-07 21:33:21,864 - Resolved [java.lang.IllegalArgumentException: Result Maps collection does not contain value for com.test.demo.dao.DocDao.DocMap]
[WARN]2022-07-07 21:34:45,140 - Resolved [java.lang.IllegalArgumentException: Result Maps collection does not contain value for com.test.demo.dao.DocDao.DocMap]
[WARN]2022-07-07 21:38:13,169 - Resolved [java.lang.IllegalArgumentException: Result Maps collection does not contain value for com.test.demo.dao.DocDao.DocMap]
[WARN]2022-07-07 21:39:13,455 - Resolved [java.lang.IllegalArgumentException: Result Maps collection does not contain value for com.test.demo.dao.DocDao.DocMap]
[WARN]2022-07-07 21:40:35,299 - Resolved [java.lang.IllegalArgumentException: Result Maps collection does not contain value for com.test.demo.dao.DocDao.DocMap]
[WARN]2022-07-07 21:41:36,969 - Resolved [java.lang.IllegalArgumentException: Result Maps collection does not contain value for com.test.demo.dao.DocDao.DocMap]
[WARN]2022-07-07 21:46:25,639 - Resolved [java.lang.IllegalArgumentException: Result Maps collection does not contain value for com.test.demo.dao.DocDao.DocMap]
[WARN]2022-07-07 21:47:20,527 - Resolved [java.lang.IllegalArgumentException: Result Maps collection does not contain value for com.test.demo.dao.DocDao.DocMap]
[WARN]2022-07-07 21:51:12,400 - Resolved [java.lang.IllegalArgumentException: Result Maps collection does not contain value for com.test.demo.dao.DocDao.DocMap]
[WARN]2022-07-07 21:53:29,363 - Resolved [java.lang.IllegalArgumentException: Result Maps collection does not contain value for com.test.demo.dao.DocDao.DocMap]
[WARN]2022-07-07 21:54:01,301 - Resolved [java.lang.IllegalArgumentException: Result Maps collection does not contain value for com.test.demo.dao.DocDao.DocMap]
